2026-04-22 18:34:02.580062 (3972161) main____ INFO    ----------------------------------------
2026-04-22 18:34:02.580117 (3972161) main____ INFO    Jasper version info
2026-04-22 18:34:02.580122 (3972161) main____ INFO      tool      : Jasper 2023.09
2026-04-22 18:34:02.580127 (3972161) main____ INFO      version   : 2023.09 FCS 64 bits
2026-04-22 18:34:02.580130 (3972161) main____ INFO      build date: 2023.09.27 19:40:18 UTC
2026-04-22 18:34:02.580133 (3972161) main____ INFO    ----------------------------------------
2026-04-22 18:34:02.580135 (3972161) main____ INFO    Runtime info:
2026-04-22 18:34:02.580138 (3972161) main____ INFO      platform  : Linux 4.18.0-553.104.1.el8_10.x86_64 x86_64
2026-04-22 18:34:02.580142 (3972161) main____ INFO      hostname  : net1580
2026-04-22 18:34:02.580146 (3972161) main____ INFO      pid       : 3972161
2026-04-22 18:34:02.580148 (3972161) main____ INFO      arguments : '-style' 'windows' 'run.tcl' '-allow_unsupported_OS'
2026-04-22 18:34:02.580154 (3972161) main____ INFO      locale    : UTF-8
2026-04-22 18:34:02.580157 (3972161) main____ INFO    ----------------------------------------
2026-04-22 18:34:02.580159 (3972161) main____ INFO    System resource limits info:
2026-04-22 18:34:02.580162 (3972161) main____ INFO      virtual memory: unlimited
2026-04-22 18:34:02.580165 (3972161) main____ INFO      cpu time      : unlimited
2026-04-22 18:34:02.580170 (3972161) main____ INFO      processes     : 190889
2026-04-22 18:34:02.580177 (3972161) main____ INFO      stack size    : 8388608 B
2026-04-22 18:34:02.580180 (3972161) main____ INFO      core file size: 0 B
2026-04-22 18:34:02.580183 (3972161) main____ INFO      open files    : 1024
2026-04-22 18:34:02.580186 (3972161) main____ INFO      file size     : unlimited
2026-04-22 18:34:02.580188 (3972161) main____ INFO    ----------------------------------------
2026-04-22 18:34:02.580191 (3972161) main____ INFO    Memory statistics:
2026-04-22 18:34:02.580194 (3972161) main____ INFO      total physical memory  : 48929092 kB
2026-04-22 18:34:02.580196 (3972161) main____ INFO      free physical memory   : 19330368 kB
2026-04-22 18:34:02.580199 (3972161) main____ INFO      committed address space: 76113540 kB
2026-04-22 18:34:02.580201 (3972161) main____ INFO    ----------------------------------------
2026-04-22 18:34:02.580838 (3972161) main____ INFO    Important environment variables:
2026-04-22 18:34:02.580854 (3972161) main____ INFO      CDS_LIC_FILE       : '5280@license.cs.ucf.edu'
2026-04-22 18:34:02.580859 (3972161) main____ INFO      DISPLAY            : 'localhost:11.0'
2026-04-22 18:34:02.580863 (3972161) main____ INFO      JASPER_INSTALL_DIR : '/home/net/cadence/installs/jasper_2023.09'
2026-04-22 18:34:02.580867 (3972161) main____ INFO      JASPER_KERNEL_CHECK: '1'
2026-04-22 18:34:02.580870 (3972161) main____ INFO      JASPER_OS_CHECK    : '0'
2026-04-22 18:34:02.580873 (3972161) main____ INFO      LANG               : 'en_US.UTF-8'
2026-04-22 18:34:02.580877 (3972161) main____ INFO      LM_LICENSE_FILE    : '5280@license.cs.ucf.edu'
2026-04-22 18:34:02.580879 (3972161) main____ INFO    ----------------------------------------
2026-04-22 18:34:02.581641 (3972161) lic_core INFO    Initializing license system ...
2026-04-22 18:34:02.584631 (3972161) lic_core INFO    ... license system initialized.
2026-04-22 18:34:02.587389 (3972161) lic__man INFO    Claim 'main' for <ui>.
2026-04-22 18:34:02.587411 (3972161) lic_core INFO    (1) checking out 'jasper_interactive' ...
2026-04-22 18:34:02.600145 (3972161) lic_core INFO    ... (1) checkout succeeded
2026-04-22 18:34:02.600179 (3972161) lic__man INFO    Claim 'fpv' for <ui>.
2026-04-22 18:34:02.600189 (3972161) lic_core INFO    (2) checking out 'jasper_fpv' ...
2026-04-22 18:34:02.605534 (3972161) lic_core INFO    ... (2) checkout failed (error: -5) ("FLEXnet ERROR(-5, 0, 0): No such feature exists.")
2026-04-22 18:34:02.605554 (3972161) lic_core INFO    (3) checking out 'jasper_fao' ...
2026-04-22 18:34:02.615030 (3972161) lic_core INFO    ... (3) checkout succeeded
2026-04-22 18:34:02.615358 (3972161) main____ INFO    Tool inactivity delay is 480000 ms.
2026-04-22 18:34:03.196756 (3972161) lic__man INFO    Claim 'fpv' for <ui>.
2026-04-22 18:34:03.352256 (3972161) lic__man INFO    Unclaim 'fpv' for <ui>.
2026-04-22 18:34:03.352300 (3972161) lic__man INFO    Claim 'fpv' for <ui>.
2026-04-22 18:34:03.357667 (3972161) session_ INFO    Starting analysis session with session id 'session_0' (launcher: <local>) ...
2026-04-22 18:34:03.360052 (3972161) session_ INFO    Analysis session with session id 'session_0' started (pid: 3972179)
2026-04-22 18:34:06.996014 (3972161) session_ INFO    Analysis session 'session_0' connected to the console (host: 127.0.0.1:33958)
2026-04-22 18:34:07.648989 (3972161) main____ INFO    Releasing console memory by request of analysis session 'session_0'.
2026-04-22 18:34:07.649897 (3972161) lic__man INFO    Unclaim everything for 'session_0'.
2026-04-22 18:34:10.882907 (3972194) main____ INFO    SIGINT received (#1). Trying to interrupt current computation(s).
2026-04-22 18:34:11.082180 (3972194) main____ INFO    SIGINT received (#2). Trying to save and exit.
2026-04-22 18:34:11.123868 (3972161) main____ INFO    The database has been auto-saved to '/home/net/ga100270/AMD/MIAOW_GPU/formal_cu_top/jgproject/autosave_OJqSfJ.db'.
2026-04-22 18:34:11.283608 (3972161) session_ INFO    Analysis session 'session_0' disconnected.
2026-04-22 18:34:11.288328 (3972161) lic_core INFO    (1) checkin jasper_interactive
2026-04-22 18:34:11.289231 (3972161) lic_core INFO    (3) checkin jasper_fao
2026-04-22 18:34:11.290218 (3972161) main____ INFO    Exiting with status 0.
