2026-04-17 14:02:10.896626 (325828) main____ INFO    ----------------------------------------
2026-04-17 14:02:10.896684 (325828) main____ INFO    Jasper version info
2026-04-17 14:02:10.896691 (325828) main____ INFO      tool      : Jasper 2023.09
2026-04-17 14:02:10.896696 (325828) main____ INFO      version   : 2023.09 FCS 64 bits
2026-04-17 14:02:10.896699 (325828) main____ INFO      build date: 2023.09.27 19:40:18 UTC
2026-04-17 14:02:10.896702 (325828) main____ INFO    ----------------------------------------
2026-04-17 14:02:10.896705 (325828) main____ INFO    Runtime info:
2026-04-17 14:02:10.896708 (325828) main____ INFO      platform  : Linux 4.18.0-553.104.1.el8_10.x86_64 x86_64
2026-04-17 14:02:10.896712 (325828) main____ INFO      hostname  : net1580
2026-04-17 14:02:10.896716 (325828) main____ INFO      pid       : 325828
2026-04-17 14:02:10.896744 (325828) main____ INFO      arguments : '-style' 'windows' 'run.tcl' '-allow_unsupported_OS'
2026-04-17 14:02:10.896769 (325828) main____ INFO      locale    : UTF-8
2026-04-17 14:02:10.896772 (325828) main____ INFO    ----------------------------------------
2026-04-17 14:02:10.896775 (325828) main____ INFO    System resource limits info:
2026-04-17 14:02:10.896779 (325828) main____ INFO      virtual memory: unlimited
2026-04-17 14:02:10.896782 (325828) main____ INFO      cpu time      : unlimited
2026-04-17 14:02:10.896789 (325828) main____ INFO      processes     : 190889
2026-04-17 14:02:10.896797 (325828) main____ INFO      stack size    : 8388608 B
2026-04-17 14:02:10.896801 (325828) main____ INFO      core file size: 0 B
2026-04-17 14:02:10.896804 (325828) main____ INFO      open files    : 1024
2026-04-17 14:02:10.896807 (325828) main____ INFO      file size     : unlimited
2026-04-17 14:02:10.896810 (325828) main____ INFO    ----------------------------------------
2026-04-17 14:02:10.896813 (325828) main____ INFO    Memory statistics:
2026-04-17 14:02:10.896817 (325828) main____ INFO      total physical memory  : 48929092 kB
2026-04-17 14:02:10.896820 (325828) main____ INFO      free physical memory   : 3795968 kB
2026-04-17 14:02:10.896823 (325828) main____ INFO      committed address space: 88127728 kB
2026-04-17 14:02:10.896826 (325828) main____ INFO    ----------------------------------------
2026-04-17 14:02:10.897585 (325828) main____ INFO    Important environment variables:
2026-04-17 14:02:10.897598 (325828) main____ INFO      CDS_LIC_FILE       : '5280@license.cs.ucf.edu'
2026-04-17 14:02:10.897604 (325828) main____ INFO      DISPLAY            : 'localhost:11.0'
2026-04-17 14:02:10.897608 (325828) main____ INFO      JASPER_INSTALL_DIR : '/home/net/cadence/installs/jasper_2023.09'
2026-04-17 14:02:10.897612 (325828) main____ INFO      JASPER_KERNEL_CHECK: '1'
2026-04-17 14:02:10.897615 (325828) main____ INFO      JASPER_OS_CHECK    : '0'
2026-04-17 14:02:10.897619 (325828) main____ INFO      LANG               : 'en_US.UTF-8'
2026-04-17 14:02:10.897622 (325828) main____ INFO      LM_LICENSE_FILE    : '5280@license.cs.ucf.edu'
2026-04-17 14:02:10.897625 (325828) main____ INFO    ----------------------------------------
2026-04-17 14:02:10.898469 (325828) lic_core INFO    Initializing license system ...
2026-04-17 14:02:10.901812 (325828) lic_core INFO    ... license system initialized.
2026-04-17 14:02:10.904291 (325828) lic__man INFO    Claim 'main' for <ui>.
2026-04-17 14:02:10.904315 (325828) lic_core INFO    (1) checking out 'jasper_interactive' ...
2026-04-17 14:02:10.919100 (325828) lic_core INFO    ... (1) checkout succeeded
2026-04-17 14:02:10.919186 (325828) lic__man INFO    Claim 'fpv' for <ui>.
2026-04-17 14:02:10.919215 (325828) lic_core INFO    (2) checking out 'jasper_fpv' ...
2026-04-17 14:02:10.924538 (325828) lic_core INFO    ... (2) checkout failed (error: -5) ("FLEXnet ERROR(-5, 0, 0): No such feature exists.")
2026-04-17 14:02:10.924560 (325828) lic_core INFO    (3) checking out 'jasper_fao' ...
2026-04-17 14:02:10.935326 (325828) lic_core INFO    ... (3) checkout succeeded
2026-04-17 14:02:10.935708 (325828) main____ INFO    Tool inactivity delay is 480000 ms.
2026-04-17 14:02:11.644947 (325828) lic__man INFO    Claim 'fpv' for <ui>.
2026-04-17 14:02:11.810980 (325828) lic__man INFO    Unclaim 'fpv' for <ui>.
2026-04-17 14:02:11.811029 (325828) lic__man INFO    Claim 'fpv' for <ui>.
2026-04-17 14:02:11.816865 (325828) session_ INFO    Starting analysis session with session id 'session_0' (launcher: <local>) ...
2026-04-17 14:02:11.819442 (325828) session_ INFO    Analysis session with session id 'session_0' started (pid: 325980)
2026-04-17 14:02:15.405865 (325828) session_ INFO    Analysis session 'session_0' connected to the console (host: 127.0.0.1:60628)
2026-04-17 14:02:15.967928 (325828) main____ INFO    Releasing console memory by request of analysis session 'session_0'.
2026-04-17 14:02:15.969140 (325828) lic__man INFO    Unclaim everything for 'session_0'.
2026-04-17 14:02:18.539261 (325828) lic__man INFO    Unclaim everything for 'session_0'.
2026-04-17 14:02:19.365172 (325828) lic__man INFO    Claim 'fpv' for 'session_0'.
2026-04-17 14:02:19.365210 (325828) lic__man INFO    Claim 'fpv' for 'session_0/prove-0'.
2026-04-17 14:02:27.311554 (325828) lic__man INFO    Unclaim everything for 'session_0/prove-0'.
2026-04-17 14:02:37.706926 (325828) main____ INFO    About to exit: requested from GUI
2026-04-17 14:02:37.921070 (325828) session_ INFO    Analysis session 'session_0' disconnected.
2026-04-17 14:02:37.935251 (325828) lic_core INFO    (1) checkin jasper_interactive
2026-04-17 14:02:37.936575 (325828) lic_core INFO    (3) checkin jasper_fao
2026-04-17 14:02:37.937825 (325828) main____ INFO    Exiting with status 0.
