# ----------------------------------------
# Jasper Version Info
# tool      : Jasper 2023.09
# platform  : Linux 4.18.0-553.104.1.el8_10.x86_64
# version   : 2023.09 FCS 64 bits
# build date: 2023.09.27 19:40:18 UTC
# ----------------------------------------
# started   : 2026-04-17 13:59:13 EDT
# hostname  : net1580.(none)
# pid       : 319617
# arguments : '-label' 'session_0' '-console' '//127.0.0.1:34499' '-style' 'windows' '-data' 'AAABDniclY/RCgFBGIW/IbfyHIqklLQXbtyRUC5tYrfUtCuzUm54VG8yTr+2uHT+5pzTzOlMvwOSR4wRQ/Mu6jBnwZqZeMlWCjtGDBkzYIrnxIGMgiDuywfxVZpLM47ykz/zBvf6KInjG271/FFo1cE60tBpc1FToc5K3V43XXrs5TwlN1J7DeKzplS6st9TbbmxljfwYiVa' '-proj' '/home/net/ga100270/AMD/MIAOW_GPU/formal/jgproject/sessionLogs/session_0' '-init' '-hidden' '/home/net/ga100270/AMD/MIAOW_GPU/formal/jgproject/.tmp/.initCmds.tcl' 'run.tcl'

Any disclosure about the Cadence Design Systems software or its use
model to any third party violates the written Non-Disclosure Agreement
between Cadence Design Systems, Inc. and the customer.

THIS SOFTWARE CONTAINS CONFIDENTIAL INFORMATION AND TRADE SECRETS OF
CADENCE DESIGN SYSTEMS, INC. USE, DISCLOSURE, OR REPRODUCTION IS
PROHIBITED WITHOUT THE PRIOR EXPRESS WRITTEN PERMISSION OF CADENCE
DESIGN SYSTEMS, INC.

Copyright (C) 2000-2023 Cadence Design Systems, Inc. All Rights
Reserved.  Unpublished -- rights reserved under the copyright laws of
the United States.

This product includes software developed by others and redistributed
according to license agreement. See doc/third_party_readme.txt for
further details.

RESTRICTED RIGHTS LEGEND

Use, duplication, or disclosure by the Government is subject to
restrictions as set forth in subparagraph (c) (1) (ii) of the Rights in
Technical Data and Computer Software clause at DFARS 252.227-7013 or
subparagraphs (c) (1) and (2) of Commercial Computer Software -- Restricted
Rights at 48 CFR 52.227-19, as applicable.


                          Cadence Design Systems, Inc.
                          2655 Seely Avenue
                          San Jose, CA 95134
                          Phone: 408.943.1234

For technical assistance visit http://support.cadence.com.

Jasper Apps Analysis Session - /home/net/ga100270/AMD/MIAOW_GPU/formal/jgproject/sessionLogs/session_0

INFO: successfully checked out licenses "jasper_interactive" and "jasper_fao".
INFO: reading configuration file "/home/net/ga100270/.config/cadence/jasper.conf".
% clear -all
INFO (IPF121): Cleared environment completely for new design analysis.
% analyze -sv12 -f filelist.f
INFO (INL011): Processing "-f" file "/home/net/ga100270/AMD/MIAOW_GPU/formal/filelist.f".
[-- (VERI-1482)] Analyzing Verilog file '/home/net/cadence/installs/jasper_2023.09/lib/verilog/packages/std/std.sv' into library 'std'
[-- (VERI-1482)] Analyzing Verilog file '../rtl/alu/alu_definitions.v'
[-- (VERI-1482)] Analyzing Verilog file '../rtl/alu/valu.v'
[-- (VERI-1482)] Analyzing Verilog file '../rtl/alu/src_shift_reg.v'
[-- (VERI-1482)] Analyzing Verilog file '../rtl/alu/src_mux.v'
[-- (VERI-1482)] Analyzing Verilog file '../rtl/alu/shift_out.v'
[-- (VERI-1482)] Analyzing Verilog file '../rtl/alu/shift_in.v'
[-- (VERI-1482)] Analyzing Verilog file '../rtl/alu/PS_flops_issue_alu.v'
[-- (VERI-1482)] Analyzing Verilog file '../rtl/alu/PS_flops_EX_WB_alu.v'
[-- (VERI-1482)] Analyzing Verilog file '../rtl/alu/mux_2_to_1.v'
[-- (VERI-1482)] Analyzing Verilog file '../rtl/alu/dest_shift_reg.v'
[-- (VERI-1482)] Analyzing Verilog file '../rtl/alu/alu_wb_queue.v'
[-- (VERI-1482)] Analyzing Verilog file '../rtl/alu/alu_fsm.v'
[-- (VERI-1482)] Analyzing Verilog file '../rtl/alu/alu_controller.v'
[-- (VERI-1482)] Analyzing Verilog file '../rtl/alu/alu.v'
[-- (VERI-1482)] Analyzing Verilog file '../rtl/common/reg_param.v'
[-- (VERI-1482)] Analyzing Verilog file '../rtl/common/reg_64b.v'
[-- (VERI-1482)] Analyzing Verilog file '../rtl/common/reg_40xX_2r_1w.v'
[-- (VERI-1482)] Analyzing Verilog file '../rtl/common/reg_40xX_1r_1w.v'
[-- (VERI-1482)] Analyzing Verilog file '../rtl/common/reg_40b_set.v'
[-- (VERI-1482)] Analyzing Verilog file '../rtl/common/reg_40b.v'
[-- (VERI-1482)] Analyzing Verilog file '../rtl/common/reg_32b.v'
[-- (VERI-1482)] Analyzing Verilog file '../rtl/common/register.v'
[-- (VERI-1482)] Analyzing Verilog file '../rtl/common/regfile.v'
[-- (VERI-1482)] Analyzing Verilog file '../rtl/common/queue_param_1r_1w.v'
[-- (VERI-1482)] Analyzing Verilog file '../rtl/common/priority_encoder_40to6.v'
[-- (VERI-1482)] Analyzing Verilog file '../rtl/common/not1.v'
[-- (VERI-1482)] Analyzing Verilog file '../rtl/common/nand2.v'
[-- (VERI-1482)] Analyzing Verilog file '../rtl/common/mux_param.v'
[-- (VERI-1482)] Analyzing Verilog file '../rtl/common/mux2_1.v'
[-- (VERI-1482)] Analyzing Verilog file '../rtl/common/issue_definitions.v'
[-- (VERI-1482)] Analyzing Verilog file '../rtl/common/global_definitions.v'
[-- (VERI-1482)] Analyzing Verilog file '../rtl/common/flop_en.v'
[-- (VERI-1482)] Analyzing Verilog file '../rtl/common/flop_32b.v'
[-- (VERI-1482)] Analyzing Verilog file '../rtl/common/flop.v'
[-- (VERI-1482)] Analyzing Verilog file '../rtl/common/encoder_5b_3b.v'
[-- (VERI-1482)] Analyzing Verilog file '../rtl/common/encoder.v'
[-- (VERI-1482)] Analyzing Verilog file '../rtl/common/dff_set_en_rst.v'
[-- (VERI-1482)] Analyzing Verilog file '../rtl/common/dff_set_en.v'
[-- (VERI-1482)] Analyzing Verilog file '../rtl/common/dff_set.v'
[-- (VERI-1482)] Analyzing Verilog file '../rtl/common/dff_en.v'
[-- (VERI-1482)] Analyzing Verilog file '../rtl/common/dff.v'
[-- (VERI-1482)] Analyzing Verilog file '../rtl/common/decoder_param_en.v'
[-- (VERI-1482)] Analyzing Verilog file '../rtl/common/decoder_param.v'
[-- (VERI-1482)] Analyzing Verilog file '../rtl/common/decoder_6b_40b_en.v'
[-- (VERI-1482)] Analyzing Verilog file '../rtl/common/circular_barrel_shift.v'
[-- (VERI-1482)] Analyzing Verilog file '../rtl/common/adder_param.v'
[-- (VERI-1482)] Analyzing Verilog file '../rtl/common/adder1bit.v'
[-- (VERI-1482)] Analyzing Verilog file '../rtl/decode/decode_definitions.v'
[-- (VERI-1482)] Analyzing Verilog file '../rtl/decode/reg_field_encoder.v'
[-- (VERI-1482)] Analyzing Verilog file '../rtl/decode/PS_flops_wavepool_decode.v'
[-- (VERI-1482)] Analyzing Verilog file '../rtl/decode/instr_collate.v'
[-- (VERI-1482)] Analyzing Verilog file '../rtl/decode/flag_generator.v'
[-- (VERI-1482)] Analyzing Verilog file '../rtl/decode/decode_core.v'
[-- (VERI-1482)] Analyzing Verilog file '../rtl/decode/decode.v'
[-- (VERI-1482)] Analyzing Verilog file '../rtl/dispatcher/wg_resource_table.v'
[-- (VERI-1482)] Analyzing Verilog file '../rtl/dispatcher/resource_update_buffer.v'
[-- (VERI-1482)] Analyzing Verilog file '../rtl/dispatcher/resource_table.v'
[-- (VERI-1482)] Analyzing Verilog file '../rtl/dispatcher/ram_2_port.v'
[-- (VERI-1482)] Analyzing Verilog file '../rtl/dispatcher/inflight_wg_buffer.v'
[-- (VERI-1482)] Analyzing Verilog file '../rtl/dispatcher/gpu_interface.v'
[-- (VERI-1482)] Analyzing Verilog file '../rtl/dispatcher/global_resource_table.v'
[-- (VERI-1482)] Analyzing Verilog file '../rtl/dispatcher/gds_resource_table.v'
[-- (VERI-1482)] Analyzing Verilog file '../rtl/dispatcher/dis_controller.v'
[-- (VERI-1482)] Analyzing Verilog file '../rtl/dispatcher/dispatcher.v'
[-- (VERI-1482)] Analyzing Verilog file '../rtl/dispatcher/cu_handler.v'
[-- (VERI-1482)] Analyzing Verilog file '../rtl/dispatcher/cam_allocator.v'
[-- (VERI-1482)] Analyzing Verilog file '../rtl/dispatcher/allocator.v'
[-- (VERI-1482)] Analyzing Verilog file '../rtl/exec/wr_port_40x64b_8_to_1.v'
[-- (VERI-1482)] Analyzing Verilog file '../rtl/exec/rd_port_9_to_1.v'
[-- (VERI-1482)] Analyzing Verilog file '../rtl/exec/exec.v'
[-- (VERI-1482)] Analyzing Verilog file '../rtl/fetch/wfid_generator.v'
[-- (VERI-1482)] Analyzing Verilog file '../rtl/fetch/wavegrp_info.v'
[-- (VERI-1482)] Analyzing Verilog file '../rtl/fetch/vacant_mask_gen.v'
[-- (VERI-1482)] Analyzing Verilog file '../rtl/fetch/round_robin.v'
[-- (VERI-1482)] Analyzing Verilog file '../rtl/fetch/regfile_clr.v'
[-- (VERI-1482)] Analyzing Verilog file '../rtl/fetch/regblock.v'
[-- (VERI-1482)] Analyzing Verilog file '../rtl/fetch/pc_block.v'
[-- (VERI-1482)] Analyzing Verilog file '../rtl/fetch/mux4to1_6bit.v'
[-- (VERI-1482)] Analyzing Verilog file '../rtl/fetch/mask_gen.v'
[-- (VERI-1482)] Analyzing Verilog file '../rtl/fetch/incr_wraparound_at40.v'
[-- (VERI-1482)] Analyzing Verilog file '../rtl/fetch/fetch_controller.v'
[-- (VERI-1482)] Analyzing Verilog file '../rtl/fetch/fetch.v'
[-- (VERI-1482)] Analyzing Verilog file '../rtl/fetch/dff_en_fixed_reset_value.v'
[-- (VERI-1482)] Analyzing Verilog file '../rtl/fetch/dff_clr.v'
[-- (VERI-1482)] Analyzing Verilog file '../rtl/fetch/decoder.v'
[-- (VERI-1482)] Analyzing Verilog file '../rtl/fetch/add_wraparound_after40.v'
[-- (VERI-1482)] Analyzing Verilog file '../rtl/fetch/adder7bit.v'
[-- (VERI-1482)] Analyzing Verilog file '../rtl/fetch/adder6bit.v'
[-- (VERI-1482)] Analyzing Verilog file '../rtl/fetch/adder.v'
[-- (VERI-1482)] Analyzing Verilog file '../rtl/fpga/reg_256x32b_3r_1w_fpga.v'
[-- (VERI-1482)] Analyzing Verilog file '../rtl/fpga/reg_128x32b_3r_2w_fpga.v'
[-- (VERI-1482)] Analyzing Verilog file '../rtl/fpga/fpga_memory.v'
[-- (VERI-1482)] Analyzing Verilog file '../rtl/fpga/compute_unit_fpga.v'
[INFO (VERI-2561)] ../rtl/fpga/compute_unit_fpga.v(999): undeclared symbol 'buff2wave_tag', assumed default net type 'wire'
[INFO (VERI-2561)] ../rtl/fpga/compute_unit_fpga.v(1000): undeclared symbol 'buff2fetchwave_ack', assumed default net type 'wire'
[INFO (VERI-2561)] ../rtl/fpga/compute_unit_fpga.v(1001): undeclared symbol 'buff2wave_instr', assumed default net type 'wire'
[-- (VERI-1482)] Analyzing Verilog file '../rtl/instr_buffer/instr_buffer.v'
[-- (VERI-1482)] Analyzing Verilog file '../rtl/issue/vgpr_comparator.v'
[-- (VERI-1482)] Analyzing Verilog file '../rtl/issue/vgpr_busy_table_mux.v'
[-- (VERI-1482)] Analyzing Verilog file '../rtl/issue/vgpr_busy_table_decoder.v'
[-- (VERI-1482)] Analyzing Verilog file '../rtl/issue/valid_entry.v'
[-- (VERI-1482)] Analyzing Verilog file '../rtl/issue/spr_dependency_table.v'
[-- (VERI-1482)] Analyzing Verilog file '../rtl/issue/sgpr_comparator.v'
[-- (VERI-1482)] Analyzing Verilog file '../rtl/issue/sgpr_busy_table_mux.v'
[-- (VERI-1482)] Analyzing Verilog file '../rtl/issue/sgpr_busy_table_decoder.v'
[-- (VERI-1482)] Analyzing Verilog file '../rtl/issue/scoreboard.v'
[-- (VERI-1482)] Analyzing Verilog file '../rtl/issue/mux_40xPARAMb_to_1xPARAMb.v'
[-- (VERI-1482)] Analyzing Verilog file '../rtl/issue/mem_wait.v'
[-- (VERI-1482)] Analyzing Verilog file '../rtl/issue/issue_flow_control.v'
[-- (VERI-1482)] Analyzing Verilog file '../rtl/issue/issue.v'
[-- (VERI-1482)] Analyzing Verilog file '../rtl/issue/instr_info_table.v'
[-- (VERI-1482)] Analyzing Verilog file '../rtl/issue/instruction_arbiter.v'
[-- (VERI-1482)] Analyzing Verilog file '../rtl/issue/inflight_instr_counter.v'
[-- (VERI-1482)] Analyzing Verilog file '../rtl/issue/functional_unit_reg_bank.v'
[-- (VERI-1482)] Analyzing Verilog file '../rtl/issue/functional_unit_reg.v'
[-- (VERI-1482)] Analyzing Verilog file '../rtl/issue/finished_wf.v'
[-- (VERI-1482)] Analyzing Verilog file '../rtl/issue/circular_barrel_shift_5b.v'
[-- (VERI-1482)] Analyzing Verilog file '../rtl/issue/busy_gpr_table.v'
[-- (VERI-1482)] Analyzing Verilog file '../rtl/issue/branch_wait.v'
[-- (VERI-1482)] Analyzing Verilog file '../rtl/issue/barrier_wait.v'
[-- (VERI-1482)] Analyzing Verilog file '../rtl/issue/arbiter.v'
[-- (VERI-1482)] Analyzing Verilog file '../rtl/issue/alu_issue_logic.v'
[-- (VERI-1482)] Analyzing Verilog file '../rtl/lsu/lsu_definitions.v'
[-- (VERI-1482)] Analyzing Verilog file '../rtl/lsu/mtbuf_addr_calc.v'
[-- (VERI-1482)] Analyzing Verilog file '../rtl/lsu/lsu_op_manager.v'
[-- (VERI-1482)] Analyzing Verilog file '../rtl/lsu/lsu_opcode_decoder.v'
[-- (VERI-1482)] Analyzing Verilog file '../rtl/lsu/lsu_addr_calculator.v'
[-- (VERI-1482)] Analyzing Verilog file '../rtl/lsu/lsu.v'
[-- (VERI-1482)] Analyzing Verilog file '../rtl/lsu/ds_addr_calc.v'
[-- (VERI-1482)] Analyzing Verilog file '../rtl/memory/memory.v'
[-- (VERI-1482)] Analyzing Verilog file '../rtl/rfa/rfa.v'
[-- (VERI-1482)] Analyzing Verilog file '../rtl/rfa/priority_encoder_16_to_4.v'
[-- (VERI-1482)] Analyzing Verilog file '../rtl/rfa/circular_shift.v'
[-- (VERI-1482)] Analyzing Verilog file '../rtl/salu/scalar_alu.v'
[-- (VERI-1482)] Analyzing Verilog file '../rtl/salu/salu_controller.v'
[-- (VERI-1482)] Analyzing Verilog file '../rtl/sgpr/sgpr_simx_wr_port_mux.v'
[-- (VERI-1482)] Analyzing Verilog file '../rtl/sgpr/sgpr_simx_rd_port_mux.v'
[-- (VERI-1482)] Analyzing Verilog file '../rtl/sgpr/sgpr_simxlsu_wr_port_mux.v'
[-- (VERI-1482)] Analyzing Verilog file '../rtl/sgpr/sgpr_3to1_rd_port_mux.v'
[-- (VERI-1482)] Analyzing Verilog file '../rtl/sgpr/sgpr.v'
[-- (VERI-1482)] Analyzing Verilog file '../rtl/sgpr/reg_512x32b_3r_3w.v'
[-- (VERI-1482)] Analyzing Verilog file '../rtl/sgpr/reg_512x32b_3r_2w.v'
[-- (VERI-1482)] Analyzing Verilog file '../rtl/simd/simd_instr_decoder.v'
[-- (VERI-1482)] Analyzing Verilog file '../rtl/simd/simd_alu.v'
[-- (VERI-1482)] Analyzing Verilog file '../rtl/simd/simd.v'
[-- (VERI-1482)] Analyzing Verilog file '../rtl/simd/amultp2_32x32.v'
[-- (VERI-1482)] Analyzing Verilog file '../rtl/simf/simf_instr_decoder.v'
[-- (VERI-1482)] Analyzing Verilog file '../rtl/simf/simf_alu.v'
[-- (VERI-1482)] Analyzing Verilog file '../rtl/simf/simf.v'
[-- (VERI-1482)] Analyzing Verilog file '../rtl/simf/fpu_pre_norm_mul.v'
[-- (VERI-1482)] Analyzing Verilog file '../rtl/simf/fpu_pre_norm_div.v'
[-- (VERI-1482)] Analyzing Verilog file '../rtl/simf/fpu_pre_norm_addsub.v'
[-- (VERI-1482)] Analyzing Verilog file '../rtl/simf/fpu_post_norm_mul.v'
[-- (VERI-1482)] Analyzing Verilog file '../rtl/simf/fpu_post_norm_intfloat_conv.v'
[-- (VERI-1482)] Analyzing Verilog file '../rtl/simf/fpu_post_norm_div.v'
[-- (VERI-1482)] Analyzing Verilog file '../rtl/simf/fpu_post_norm_addsub.v'
[-- (VERI-1482)] Analyzing Verilog file '../rtl/simf/fpu_mul.v'
[-- (VERI-1482)] Analyzing Verilog file '../rtl/simf/fpu_intfloat_conv_except.v'
[-- (VERI-1482)] Analyzing Verilog file '../rtl/simf/fpu_intfloat_conv.v'
[-- (VERI-1482)] Analyzing Verilog file '../rtl/simf/fpu_div.v'
[-- (VERI-1482)] Analyzing Verilog file '../rtl/simf/fpu_arith.v'
[-- (VERI-1482)] Analyzing Verilog file '../rtl/simf/fpu_addsub.v'
[-- (VERI-1482)] Analyzing Verilog file '../rtl/tracemon/vgpr_contention_tracker.v'
[-- (VERI-1482)] Analyzing Verilog file '../rtl/vgpr/wr_port_mux_9to1.v'
[-- (VERI-1482)] Analyzing Verilog file '../rtl/vgpr/wr_port_mux_8to1.v'
[-- (VERI-1482)] Analyzing Verilog file '../rtl/vgpr/wfid_mux_9to1.v'
[-- (VERI-1482)] Analyzing Verilog file '../rtl/vgpr/wfid_mux_8to1.v'
[-- (VERI-1482)] Analyzing Verilog file '../rtl/vgpr/vgpr_2to1_rd_port_mux.v'
[-- (VERI-1482)] Analyzing Verilog file '../rtl/vgpr/vgpr.v'
[-- (VERI-1482)] Analyzing Verilog file '../rtl/vgpr/reg_256x32b_3r_1w.v'
[-- (VERI-1482)] Analyzing Verilog file '../rtl/vgpr/reg_1024x32b_3r_1w.v'
[-- (VERI-1482)] Analyzing Verilog file '../rtl/vgpr/rd_port_mux_8to1.v'
[-- (VERI-1482)] Analyzing Verilog file '../rtl/wavepool/wq_pool.v'
[-- (VERI-1482)] Analyzing Verilog file '../rtl/wavepool/wave_queue.v'
[-- (VERI-1482)] Analyzing Verilog file '../rtl/wavepool/wavepool_controller.v'
[-- (VERI-1482)] Analyzing Verilog file '../rtl/wavepool/scbd_feeder.v'
[-- (VERI-1482)] Analyzing Verilog file '../rtl/wavepool/reg_8x64b_1r_1w.v'
[-- (VERI-1482)] Analyzing Verilog file '../rtl/wavepool/reg_40x35b_1r_1w.v'
[-- (VERI-1482)] Analyzing Verilog file '../rtl/wavepool/reg_3b.v'
[-- (VERI-1482)] Analyzing Verilog file '../rtl/wavepool/reg_35b.v'
[-- (VERI-1482)] Analyzing Verilog file '../rtl/wavepool/queue_controller.v'
[-- (VERI-1482)] Analyzing Verilog file '../rtl/wavepool/PS_flops_fetch_wavepool.v'
[-- (VERI-1482)] Analyzing Verilog file '../rtl/wavepool/adder3bit.v'
[-- (VERI-1482)] Analyzing Verilog file 'alu_controller_props.sv'
[-- (VERI-1482)] Analyzing Verilog file 'alu_controller_props_v2.sv'
[-- (VERI-1482)] Analyzing Verilog file 'alu_props.sv'
[-- (VERI-1482)] Analyzing Verilog file 'deadlock_assertions_alu.sv'
% elaborate -top alu
INFO (ISW003): Top module name is "alu".
[INFO (HIER-8002)] ../rtl/alu/alu.v(418): Disabling old hierarchical reference handler
[INFO (VERI-1018)] ../rtl/common/dff.v(1): compiling module 'dff'
[INFO (VERI-1018)] ../rtl/common/dff_en.v(1): compiling module 'dff_en'
[INFO (VERI-1018)] ../rtl/alu/PS_flops_issue_alu.v(1): compiling module 'PS_flops_issue_alu'
[INFO (VERI-1018)] ../rtl/alu/alu_fsm.v(8): compiling module 'alu_fsm'
[INFO (VERI-1018)] alu_controller_props.sv(1): compiling module 'alu_controller_props'
[INFO (VERI-1018)] ../rtl/simd/simd_instr_decoder.v(1): compiling module 'simd_instr_decoder'
[INFO (VERI-1018)] ../rtl/alu/alu_controller.v(1): compiling module 'alu_controller'
[INFO (VERI-1018)] ../rtl/alu/src_mux.v(1): compiling module 'src_mux'
[WARN (VERI-1221)] ../rtl/alu/src_mux.v(38): 'exec_rd_m0_value' should be on the sensitivity list
[WARN (VERI-1221)] ../rtl/alu/src_mux.v(43): 'exec_rd_scc_value' should be on the sensitivity list
[INFO (VERI-1018)] ../rtl/common/register.v(1): compiling module 'register:(WIDTH=512)'
[INFO (VERI-1018)] ../rtl/alu/mux_2_to_1.v(1): compiling module 'mux_2_to_1:(WIDTH=512)'
[INFO (VERI-1018)] ../rtl/alu/shift_in.v(1): compiling module 'shift_in:(WIDTH=32)'
[INFO (VERI-1018)] ../rtl/common/register.v(1): compiling module 'register:(WIDTH=16)'
[INFO (VERI-1018)] ../rtl/alu/mux_2_to_1.v(1): compiling module 'mux_2_to_1:(WIDTH=16)'
[INFO (VERI-1018)] ../rtl/alu/shift_in.v(1): compiling module 'shift_in'
[INFO (VERI-1018)] ../rtl/alu/src_shift_reg.v(1): compiling module 'src_shift_reg'
[INFO (VERI-1018)] deadlock_assertions_alu.sv(186): compiling module 'deadlock_assertions_simd_lane_bind'
[INFO (VERI-1018)] ../rtl/simd/simd_alu.v(1): compiling module 'simd_alu'
[WARN (VERI-1209)] ../rtl/simd/simd_alu.v(607): expression size 32 truncated to fit in target size 2
[INFO (VERI-1018)] ../rtl/alu/valu.v(1): compiling module 'valu'
[INFO (VERI-1018)] ../rtl/alu/shift_out.v(1): compiling module 'shift_out:(WIDTH=32)'
[INFO (VERI-1018)] ../rtl/alu/shift_out.v(1): compiling module 'shift_out'
[INFO (VERI-1018)] ../rtl/alu/dest_shift_reg.v(1): compiling module 'dest_shift_reg'
[INFO (VERI-1018)] ../rtl/alu/PS_flops_EX_WB_alu.v(1): compiling module 'PS_flops_EX_WB_alu'
[INFO (VERI-1018)] ../rtl/common/mux_param.v(1): compiling module 'mux_param:(WIDTH=2301)'
[INFO (VERI-1018)] ../rtl/common/decoder_param.v(1): compiling module 'decoder_param'
[INFO (VERI-1018)] ../rtl/common/reg_param.v(1): compiling module 'reg_param:(WIDTH=2301)'
[INFO (VERI-1018)] ../rtl/common/queue_param_1r_1w.v(1): compiling module 'queue_param_1r_1w:(WIDTH=2301)'
[INFO (VERI-1018)] ../rtl/alu/alu_wb_queue.v(1): compiling module 'alu_wb_queue'
[INFO (VERI-1018)] alu_controller_props_v2.sv(25): compiling module 'alu_controller_assertions'
[INFO (VERI-1018)] alu_props.sv(1): compiling module 'alu_props'
[INFO (VERI-1018)] deadlock_assertions_alu.sv(2): compiling module 'deadlock_assertions_alu_bind'
[INFO (VERI-1018)] ../rtl/alu/alu.v(1): compiling module 'alu'
INFO (INL208): Elaboration synthesis summary:
  Number of synthesized netlists          32 (1 packages)
  Single run mode                         On
  Pipeline                                On (31 pipelined netlists)
  Late hierarchical reference connection  On
  Number of analyzed Verilog modules      209 (28 synthesized)
  Number of analyzed VHDL entities        0 (0 synthesized)
WARNING (WNL018): ../rtl/simd/simd_alu.v(586): multiplication operator mult_32u_32u (size 64) automatically black boxed.
    Use the "elaborate -bbox_mul" command to prevent automatic black-boxing.
INFO (INL003): Clearing all state information (assumes, stopats, and so forth).
alu
[<embedded>] % clock clk
[<embedded>] % reset rst
INFO (IPM031): Clearing proof results of all properties.
INFO (IRS006): Current reset condition is "rst".
[<embedded>] % prove -all
Ncustom1: Custom engine code is hT3Ng7hPPfiYQOTDZ3qhYOwGAM51eA+J/FjkM5shLioAsqhgLR4Ft+O1BuKG6ilQ83B9tLXSl+CwjiTMAQA
Bcustom2: Custom engine code is hT3Nm7hPr1Vp3Di1Ra2USNIGL4JypRnLKLAdF6JAyuavO2JfGCiY9OZJhcAcOUnLx5xwNdhILGrAWX9s+z2WDkKwNR7tAfClBEjRFVQeq6DU54boFgEA
AMcustom3: Custom engine code is hT3Ng7hP/feYQOTDZ3qhYOwGAM51eA+J/FjkM5shLioAsqhgLR4Ft+O1BuKG6ilQ83B9tLXSmmqwm7g9AQA
Mpcustom4: Custom engine code is hT3NZbhP9fmY2AbBQnsjfOxn6c+6e6yL+/e8fZFmaQrnlgEA
INFO (IPF036): Starting proof on task: "<embedded>", 174 properties to prove with 0 already proven/unreachable
INFO (IRS029): Starting reset analysis: phase 1 of 4.
INFO (IRS030): Running reset analysis: phase 2 of 4.
INFO (IRS031): Running reset analysis: phase 3 of 4.
INFO (IRS020): Starting the reset analysis simulation with a limit of 100 iterations (phase 4 of 4).
INFO (IRS024): Reset iterations 0 to 4 analyzed.
INFO (IRS018): Reset analysis simulation executed for 3 iterations. Assigned values for 18164 of 18164 design flops, 0 of 0 design latches, 1160 of 1160 internal elements.
INFO (IRS039): Reset analysis complete.
INFO (IPF031): Settings used for proof thread 0:
    orchestration                 = on (auto)
    time_limit                    = 86400s
    per_property_time_limit       = 1s * 10 ^ scan
    engine_mode                   = auto
    proofgrid_per_engine_max_jobs = 1
    max engine jobs               = auto
    proofgrid_mode                = local
    proofgrid_restarts            = 10
0: Using multistage preprocessing
0: Starting reduce
AMcustom5: Custom engine code is hT3N1rhP11/52HrFRS21ROp2LOjVTgPvT8L8BGXHgLhaIuqtT4nARFjUqrBL+7pLmaTOzBepZW/Jm8SSrHDybSQtoNiO3y43wk+dEoWlsZizu97Fih6O6lPVG/LpWP5SsUPwlGagLNa1FKEFvwVXyX7//8prySbvSxIHXr5er+z4RAEA
Ncustom6: Custom engine code is hT3OXrhPByJp3TrFSTLhUmMH4KVtJgmTCnNDF46yMXOKY48m4LS5nE7yBzFjA7kDuwO/GhGUpEPiky3p3wmPn3dJZHxFMsafSoObRzSC+tn7sEY0WbTdZ/FV4hL3MYH/b1CIUvXSWR4wqEoVLsmMOD4xIPT4lI1LO6ZCO7PnnWQuLwetnvKlrXx6wCW/A+x+enqslg1YPobi4wEF/EvbzOvcTYdJvl2s4H2yZg2b2ofAVN5WvhWk1HoBAA
ADcustom7: Custom engine code is hT3Nv7hPv1752HrFRa2kROx2f/ECJeZB2AZsLdlO8VwmIuqtT4nIDFXclhg+O+o+DMmQCekbheGk0kK28laA9gaOFDXsQp29J3X615HY1IPHJWd6FUFvCHjO+p1k652b5JJvZlShNpGlGSXAiQe/mEAj6tEBAA
Tricustom8: Custom engine code is hT3Nu7hPt1752DvFRa0kNDiyIV97VyejwM9C/jCLJjdPvusZONHY42VYUy0Q1ZotnhcVtNc56tJ5wbxv6V2+XpdsaSlHck5vfnbYjdwj1OECy9U+7oSQ0SZE3g5ayD+Phuh4odCJTjeKa2k4elM9ldQfkAEA
Gcustom9: Custom engine code is hT3NibhPDfeYQADBZnYcglOvK9Pfd7EOeniIqP8jNsyIqInncipMGcUXqAadachREE9F2PwhBUZUNw5kHnd4JdXkamORRgEA
C2custom10: Custom engine code is hT3NirhPjfWYQADBZnYcglOvK9Pfd7EOeniIqP8jNsyIqInncgkrYMMXCYbdK0dUjZIF9d4cJ0rHoBDjwVLBKuG86XYVV00BAA
AGcustom11: Custom engine code is hT3NirhP/fmYQADBZnYcglOvK9Pfd7EOeniIqP8jNsyIqInnckcwYMMXCYbdK0dUjZIF9d4cJ0rHoBDjwVLBKuHEZnZByh0BAA
Bcustom12: Custom engine code is hT3NjrhPDfiYQADBZnYcglOvK9PfWxFtenjIyBqfrgr7if/jL/yPOuK1BAflEcW0DxNH2eDIoezN2gxlQFg81RZtiWXh7aiTAidvAQA
Ncustom13: Custom engine code is hT3NR7hPByFp3TrFSTLhUmMH4KWtJglTyV/c51BHEeZWamnJv767nE6PCak26bd3gf3XGN3rIRheufhDieCJQVISo+gNYUKhiUedBKGtsP/a18svAnlMJZudHxDFwK5ufsyoxsIyiAeSY2oi3tEuoDHr5gw42DFKAG3PqO3CEsl8Azzdt3pl5nGA1Ifv2H02eYsFzWb/nfp8PMb3F0krE/EgBcm8TD9Div8BAA
Tricustom14: Custom engine code is hT3Nu7hP3fiYQADBZnYcglNHp9bfd7EOeniIqP/ji8sGLQu8yhsFO+wxJ+O+R0bU8g/IewXFomyos+viQnWc2xYNYmMqpo3i40O7DaZR7qfp4YqNx26KRvQ/qx0BAA
0: Finished reduce in 0.024s
0.0.PRE: Performing Proof Simplification...
0.0.N: clocks: 1, declared: 1, looping: 0, posedge: 1, negedge: 0, noedge: 0, bothedge: 0
0.0.N: Proof Simplification Iteration 1	[0.00 s]
0.0.PRE: A trace with 1 cycles was found. [0.01 s]
INFO (IPF047): 0.0.PRE: The cover property "alu.alu_controller.u_alu_controller_props.AST_alu_ready_only_idle:precondition1" was covered in 1 cycles in 0.00 s.
INFO (IPF047): 0.0.PRE: The cover property "alu.alu_controller.u_alu_controller_props.COV_src1_literal" was covered in 1 cycles in 0.00 s.
INFO (IPF047): 0.0.PRE: The cover property "alu.u_assertions.ASM_issuer_respects_ready:precondition1" was covered in 1 cycles in 0.00 s.
INFO (IPF047): 0.0.PRE: The cover property "alu.u_assertions.AST_no_spurious_writeback:precondition1" was covered in 1 cycles in 0.00 s.
INFO (IPF047): 0.0.PRE: The cover property "alu.u_assertions.AST_no_opcode_leak_when_idle:precondition1" was covered in 1 cycles in 0.00 s.
INFO (IPF047): 0.0.PRE: The cover property "alu.u_assertions.AST_no_spurious_source_capture:precondition1" was covered in 1 cycles in 0.00 s.
INFO (IPF047): 0.0.PRE: The cover property "alu.u_assertions.AST_no_false_vgpr_read_src1:precondition1" was covered in 1 cycles in 0.00 s.
INFO (IPF047): 0.0.PRE: The cover property "alu.u_assertions.AST_no_false_vgpr_read_src2:precondition1" was covered in 1 cycles in 0.00 s.
INFO (IPF047): 0.0.PRE: The cover property "alu.u_assertions.AST_no_false_vgpr_read_src3:precondition1" was covered in 1 cycles in 0.00 s.
INFO (IPF047): 0.0.PRE: The cover property "alu.u_assertions.COV_src1_literal" was covered in 1 cycles in 0.00 s.
0.0.PRE: A proof was found: No trace exists. [0.00 s]
INFO (IPF057): 0.0.PRE: The property "alu.alu_controller.u_alu_controller_props.AST_source1_vgpr_read" was proven in 0.00 s.
0.0.PRE: A proof was found: No trace exists. [0.00 s]
INFO (IPF057): 0.0.PRE: The property "alu.alu_controller.u_alu_controller_props.AST_source2_vgpr_read" was proven in 0.00 s.
0.0.PRE: A proof was found: No trace exists. [0.00 s]
INFO (IPF057): 0.0.PRE: The property "alu.alu_controller.u_alu_controller_props.AST_source3_vgpr_read" was proven in 0.00 s.
0.0.PRE: A proof was found: No trace exists. [0.00 s]
INFO (IPF057): 0.0.PRE: The property "alu.u_assertions.AST_source1_vgpr_read" was proven in 0.00 s.
0.0.PRE: A proof was found: No trace exists. [0.00 s]
INFO (IPF057): 0.0.PRE: The property "alu.u_assertions.AST_source2_vgpr_read" was proven in 0.00 s.
0.0.PRE: A proof was found: No trace exists. [0.00 s]
INFO (IPF057): 0.0.PRE: The property "alu.u_assertions.AST_source3_vgpr_read" was proven in 0.00 s.
0.0.PRE: A proof was found: No trace exists. [0.00 s]
INFO (IPF057): 0.0.PRE: The property "alu.u_assertions.AST_no_false_vgpr_read_src1" was proven in 0.00 s.
0.0.PRE: A proof was found: No trace exists. [0.00 s]
INFO (IPF057): 0.0.PRE: The property "alu.u_assertions.AST_no_false_vgpr_read_src2" was proven in 0.00 s.
0.0.PRE: A proof was found: No trace exists. [0.00 s]
INFO (IPF057): 0.0.PRE: The property "alu.u_assertions.AST_no_false_vgpr_read_src3" was proven in 0.00 s.
0.0.N: Proof Simplification Iteration 2	[0.07 s]
0.0.PRE: A trace with 1 cycles was found. [0.02 s]
INFO (IPF047): 0.0.PRE: The cover property "alu.alu_controller.u_alu_controller_props.AST_no_read_when_not_selected:precondition1" was covered in 1 cycles in 0.00 s.
INFO (IPF047): 0.0.PRE: The cover property "alu.u_assertions.AST_no_read_when_not_selected:precondition1" was covered in 1 cycles in 0.00 s.
0.0.PRE: A proof was found: No trace exists. [0.00 s]
INFO (IPF057): 0.0.PRE: The property "alu.u_assertions.AST_opcode_forwarded_during_ex" was proven in 0.00 s.
0.0.N: Proof Simplification Iteration 3	[0.07 s]
0.0.N: Proof Simplification Iteration 4	[0.07 s]
0.0.N: Proof Simplification Iteration 5	[0.07 s]
0.0.N: Proof Simplification Iteration 6	[0.08 s]
0.0.PRE: A proof was found: No trace exists. [0.00 s]
INFO (IPF057): 0.0.PRE: The property ":noDeadEnd" was proven in 0.00 s.
    Use check_assumptions -show -dead_end to show this property in the property table.
0.0.PRE: A proof was found: No trace exists. [0.00 s]
INFO (IPF057): 0.0.PRE: The property ":noConflict" was proven in 0.00 s.
    Use check_assumptions -show to show this property in the property table.
INFO (IPF047): 0.0.PRE: The cover property ":live" was covered in 1 cycles in 0.00 s.
    Use check_assumptions -show -live to show this property in the property table.
0.0.PRE: Proof Simplification completed in 0.10 s
0.0.N: Identified and disabled 31 duplicated targets.
0: About to start ProofGrid in its own thread with a limit of 10000 pending notifications and a limit of 10 traces.
0: =============================== ProofGrid start ===============================
0: ProofGrid usable level: 132
0: Initial ProofGrid level: 1
0: ProofGrid is starting event handling
0.0.N: net1580: "Rocky Linux 8.10 (Green Obsidian)" is an unsupported operating system.
0.0.Hp: net1580: "Rocky Linux 8.10 (Green Obsidian)" is an unsupported operating system.
0.0.Hp: Proofgrid shell started at 319998@net1580(local) jg_319617_net1580_1
0.0.Hp: clocks: 1, declared: 1, looping: 0, posedge: 1, negedge: 0, noedge: 0, bothedge: 0
0.0.N: Proofgrid shell started at 319997@net1580(local) jg_319617_net1580_1
0.0.N: clocks: 1, declared: 1, looping: 0, posedge: 1, negedge: 0, noedge: 0, bothedge: 0
0.0.N: Next scan (0) will use per property time limit: 1s * 10 ^ 0 = 1s
0.0.N: Starting proof for property "alu.alu_controller.u_alu_controller_props.AST_source1_vgpr_read:precondition1"	[0.00 s].
0.0.N: Starting proof for property "alu.u_assertions.AST_source1_vgpr_read:precondition1"	[0.00 s].
0.0.N: Trace Attempt  1	[0.00 s]
0.0.Hp: A proof was found: No trace exists. [0.02 s]
INFO (IPF057): 0.0.Hp: The property "alu.alu_controller.u_alu_controller_props.AST_no_read_when_not_selected" was proven in 0.02 s.
0.0.Hp: A proof was found: No trace exists. [0.00 s]
INFO (IPF057): 0.0.Hp: The property "alu.u_assertions.AST_no_read_when_not_selected" was proven in 0.02 s.
0.0.Hp: A proof was found: No trace exists. [0.02 s]
INFO (IPF057): 0.0.Hp: The property "alu.alu_controller.u_alu_controller_props.AST_read_no_select_goes_EX1" was proven in 0.02 s.
0.0.N: A trace with 1 cycles was found. [0.00 s]
INFO (IPF047): 0.0.N: The cover property "alu.alu_controller.u_alu_controller_props.AST_source1_vgpr_read:precondition1" was covered in 1 cycles in 0.01 s.
INFO (IPF047): 0.0.N: The cover property "alu.u_assertions.AST_source1_vgpr_read:precondition1" was covered in 1 cycles in 0.01 s.
0.0.N: Stopped processing property "alu.alu_controller.u_alu_controller_props.AST_source1_vgpr_read:precondition1"	[0.01 s].
0.0.N: Stopped processing property "alu.u_assertions.AST_source1_vgpr_read:precondition1"	[0.01 s].
0.0.N: Starting proof for property "alu.alu_controller.u_alu_controller_props.AST_source2_vgpr_read:precondition1"	[0.00 s].
0.0.N: Starting proof for property "alu.u_assertions.AST_source2_vgpr_read:precondition1"	[0.00 s].
0.0.Hp: A proof was found: No trace exists. [0.02 s]
INFO (IPF057): 0.0.Hp: The property "alu.valu.genblk1.simd_alu[15].deadlock_assertions_simd_lane_bind_i._assert_1" was proven in 0.03 s.
0.0.Hp: A proof was found: No trace exists. [0.02 s]
INFO (IPF057): 0.0.Hp: The property "alu.valu.genblk1.simd_alu[14].deadlock_assertions_simd_lane_bind_i._assert_1" was proven in 0.03 s.
0.0.Hp: A proof was found: No trace exists. [0.02 s]
INFO (IPF057): 0.0.Hp: The property "alu.valu.genblk1.simd_alu[13].deadlock_assertions_simd_lane_bind_i._assert_1" was proven in 0.03 s.
0.0.N: Trace Attempt  1	[0.00 s]
0.0.Hp: A proof was found: No trace exists. [0.03 s]
INFO (IPF057): 0.0.Hp: The property "alu.valu.genblk1.simd_alu[12].deadlock_assertions_simd_lane_bind_i._assert_1" was proven in 0.03 s.
0.0.Hp: A proof was found: No trace exists. [0.03 s]
INFO (IPF057): 0.0.Hp: The property "alu.valu.genblk1.simd_alu[11].deadlock_assertions_simd_lane_bind_i._assert_1" was proven in 0.03 s.
0.0.N: A trace with 1 cycles was found. [0.00 s]
INFO (IPF047): 0.0.N: The cover property "alu.alu_controller.u_alu_controller_props.AST_source2_vgpr_read:precondition1" was covered in 1 cycles in 0.00 s.
INFO (IPF047): 0.0.N: The cover property "alu.u_assertions.AST_source2_vgpr_read:precondition1" was covered in 1 cycles in 0.00 s.
0.0.Hp: A proof was found: No trace exists. [0.03 s]
INFO (IPF057): 0.0.Hp: The property "alu.valu.genblk1.simd_alu[10].deadlock_assertions_simd_lane_bind_i._assert_1" was proven in 0.03 s.
0.0.N: Stopped processing property "alu.alu_controller.u_alu_controller_props.AST_source2_vgpr_read:precondition1"	[0.01 s].
0.0.N: Stopped processing property "alu.u_assertions.AST_source2_vgpr_read:precondition1"	[0.01 s].
0.0.Hp: A proof was found: No trace exists. [0.03 s]
INFO (IPF057): 0.0.Hp: The property "alu.valu.genblk1.simd_alu[9].deadlock_assertions_simd_lane_bind_i._assert_1" was proven in 0.03 s.
0.0.N: Starting proof for property "alu.alu_controller.u_alu_controller_props.AST_source3_vgpr_read:precondition1"	[0.00 s].
0.0.N: Starting proof for property "alu.u_assertions.AST_source3_vgpr_read:precondition1"	[0.00 s].
0.0.Hp: A proof was found: No trace exists. [0.03 s]
INFO (IPF057): 0.0.Hp: The property "alu.valu.genblk1.simd_alu[8].deadlock_assertions_simd_lane_bind_i._assert_1" was proven in 0.04 s.
0.0.Hp: A proof was found: No trace exists. [0.03 s]
INFO (IPF057): 0.0.Hp: The property "alu.valu.genblk1.simd_alu[7].deadlock_assertions_simd_lane_bind_i._assert_1" was proven in 0.04 s.
0.0.Hp: A proof was found: No trace exists. [0.03 s]
INFO (IPF057): 0.0.Hp: The property "alu.valu.genblk1.simd_alu[6].deadlock_assertions_simd_lane_bind_i._assert_1" was proven in 0.04 s.
0.0.N: Trace Attempt  1	[0.00 s]
0.0.Hp: A proof was found: No trace exists. [0.03 s]
INFO (IPF057): 0.0.Hp: The property "alu.valu.genblk1.simd_alu[5].deadlock_assertions_simd_lane_bind_i._assert_1" was proven in 0.04 s.
0.0.Hp: A proof was found: No trace exists. [0.03 s]
INFO (IPF057): 0.0.Hp: The property "alu.valu.genblk1.simd_alu[4].deadlock_assertions_simd_lane_bind_i._assert_1" was proven in 0.04 s.
0.0.N: A trace with 1 cycles was found. [0.00 s]
INFO (IPF047): 0.0.N: The cover property "alu.alu_controller.u_alu_controller_props.AST_source3_vgpr_read:precondition1" was covered in 1 cycles in 0.00 s.
INFO (IPF047): 0.0.N: The cover property "alu.u_assertions.AST_source3_vgpr_read:precondition1" was covered in 1 cycles in 0.00 s.
0.0.Hp: A proof was found: No trace exists. [0.03 s]
INFO (IPF057): 0.0.Hp: The property "alu.valu.genblk1.simd_alu[3].deadlock_assertions_simd_lane_bind_i._assert_1" was proven in 0.04 s.
0.0.N: Stopped processing property "alu.alu_controller.u_alu_controller_props.AST_source3_vgpr_read:precondition1"	[0.01 s].
0.0.N: Stopped processing property "alu.u_assertions.AST_source3_vgpr_read:precondition1"	[0.01 s].
0.0.Hp: A proof was found: No trace exists. [0.03 s]
INFO (IPF057): 0.0.Hp: The property "alu.valu.genblk1.simd_alu[2].deadlock_assertions_simd_lane_bind_i._assert_1" was proven in 0.04 s.
0.0.Hp: A proof was found: No trace exists. [0.03 s]
INFO (IPF057): 0.0.Hp: The property "alu.valu.genblk1.simd_alu[1].deadlock_assertions_simd_lane_bind_i._assert_1" was proven in 0.04 s.
0.0.N: Starting proof for property "alu.alu_controller.u_alu_controller_props.AST_fsm_valid_state"	[0.00 s].
0.0.Hp: A proof was found: No trace exists. [0.03 s]
INFO (IPF057): 0.0.Hp: The property "alu.valu.genblk1.simd_alu[0].deadlock_assertions_simd_lane_bind_i._assert_1" was proven in 0.04 s.
0.0.Hp: A proof was found: No trace exists. [0.03 s]
INFO (IPF057): 0.0.Hp: The property "alu.u_assertions.AST_no_spurious_writeback" was proven in 0.04 s.
0.0.Hp: A proof was found: No trace exists. [0.03 s]
INFO (IPF057): 0.0.Hp: The property "alu.u_assertions.AST_no_opcode_leak_when_idle" was proven in 0.04 s.
0.0.N: Trace Attempt  1	[0.00 s]
0.0.Hp: A proof was found: No trace exists. [0.03 s]
INFO (IPF057): 0.0.Hp: The property "alu.u_assertions.AST_vgpr_dest_has_vgpr_addr" was proven in 0.04 s.
0.0.Hp: A proof was found: No trace exists. [0.03 s]
INFO (IPF057): 0.0.Hp: The property "alu.u_assertions.AST_sgpr_dest_has_sgpr_addr" was proven in 0.04 s.
0.0.Hp: A proof was found: No trace exists. [0.03 s]
INFO (IPF057): 0.0.Hp: The property "alu.u_assertions.AST_vgpr_dest_not_fabricated" was proven in 0.04 s.
0.0.Hp: A proof was found: No trace exists. [0.03 s]
INFO (IPF057): 0.0.Hp: The property "alu.u_assertions.AST_sgpr_dest_not_fabricated" was proven in 0.04 s.
0.0.N: Trace Attempt  2	[0.00 s]
0.0.N: Trace Attempt  3	[0.00 s]
0.0.N: Trace Attempt  3	[0.00 s]
0.0.Hp: A proof was found: No trace exists. [0.04 s]
INFO (IPF051): 0.0.Hp: The cover property "alu.u_alu_props._cover_9" was proven unreachable in 0.04 s.
0.0.Hp: Trace Attempt  1	[0.04 s]
0.0.N: Trace Attempt  4	[0.01 s]
0.0.N: Trace Attempt  5	[0.01 s]
0.0.Hp: A trace with 1 cycles was found. [0.04 s]
INFO (IPF047): 0.0.Hp: The cover property "alu.alu_controller.u_alu_controller_props.COV_all_vgpr_sources" was covered in 1 cycles in 0.05 s.
INFO (IPF047): 0.0.Hp: The cover property "alu.u_assertions.COV_all_vgpr_sources" was covered in 1 cycles in 0.05 s.
0.0.N: Trace Attempt  1	[0.02 s]
0.0.Bm: net1580: "Rocky Linux 8.10 (Green Obsidian)" is an unsupported operating system.
0.0.Ht: net1580: "Rocky Linux 8.10 (Green Obsidian)" is an unsupported operating system.
0.0.N: Trace Attempt  2	[0.03 s]
0.0.N: Trace Attempt  3	[0.03 s]
0.0.N: Trace Attempt  4	[0.03 s]
0.0.N: Trace Attempt  5	[0.03 s]
0.0.N: Validation of fixpoint was successful. Time = 0.00
0.0.N: Trace Attempt  6	[0.03 s]
0.0.N: A proof was found: No trace exists. [0.04 s]
INFO (IPF057): 0.0.N: The property "alu.alu_controller.u_alu_controller_props.AST_fsm_valid_state" was proven in 0.02 s.
0.0.N: Stopped processing property "alu.alu_controller.u_alu_controller_props.AST_fsm_valid_state"	[0.02 s].
0.0.N: Starting proof for property "alu.alu_controller.u_alu_controller_props.COV_fsm_can_enter_RD"	[0.00 s].
0.0.N: Trace Attempt  1	[0.00 s]
0.0.N: Trace Attempt  2	[0.00 s]
0.0.N: Trace Attempt  3	[0.00 s]
0.0.N: Trace Attempt  3	[0.00 s]
0.0.N: Trace Attempt  4	[0.01 s]
0.0.N: Trace Attempt  5	[0.01 s]
0.0.Mpcustom4: net1580: "Rocky Linux 8.10 (Green Obsidian)" is an unsupported operating system.
0.0.N: Trace Attempt  1	[0.01 s]
0.0.L: net1580: "Rocky Linux 8.10 (Green Obsidian)" is an unsupported operating system.
0.0.Oh: net1580: "Rocky Linux 8.10 (Green Obsidian)" is an unsupported operating system.
0.0.N: Trace Attempt  2	[0.02 s]
0.0.N: Validation of fixpoint was successful. Time = 0.00
0.0.AM: net1580: "Rocky Linux 8.10 (Green Obsidian)" is an unsupported operating system.
0.0.N: A proof was found: No trace exists. [0.02 s]
INFO (IPF051): 0.0.N: The cover property "alu.alu_controller.u_alu_controller_props.COV_fsm_can_enter_RD" was proven unreachable in 0.02 s.
0.0.N: Stopped processing property "alu.alu_controller.u_alu_controller_props.COV_fsm_can_enter_RD"	[0.02 s].
0.0.N: Starting proof for property "alu.alu_controller.u_alu_controller_props.AST_read_no_select_goes_EX1:precondition1"	[0.00 s].
0.0.N: Trace Attempt  1	[0.00 s]
0.0.N: Trace Attempt  2	[0.00 s]
0.0.N: Trace Attempt  3	[0.00 s]
0.0.N: Trace Attempt  4	[0.00 s]
0.0.N: A proof was found: No trace exists. [0.00 s]
INFO (IPF051): 0.0.N: The cover property "alu.alu_controller.u_alu_controller_props.AST_read_no_select_goes_EX1:precondition1" was proven unreachable in 0.00 s.
0.0.Ht: Proofgrid shell started at 320019@net1580(local) jg_319617_net1580_1
0.0.Bm: Proofgrid shell started at 320022@net1580(local) jg_319617_net1580_1
0.0.N: Stopped processing property "alu.alu_controller.u_alu_controller_props.AST_read_no_select_goes_EX1:precondition1"	[0.00 s].
0.0.N: Starting proof for property "alu.alu_controller.u_alu_controller_props.AST_alu_ready_only_idle"	[0.00 s].
0.0.N: Starting proof for property "alu.u_assertions.AST_not_ready_during_execution"	[0.00 s].
0.0.N: Trace Attempt  1	[0.00 s]
0.0.N: Trace Attempt  2	[0.00 s]
0.0.Ht: clocks: 1, declared: 1, looping: 0, posedge: 1, negedge: 0, noedge: 0, bothedge: 0
0.0.Bm: clocks: 1, declared: 1, looping: 0, posedge: 1, negedge: 0, noedge: 0, bothedge: 0
0.0.N: Trace Attempt  3	[0.00 s]
0.0.N: Trace Attempt  4	[0.00 s]
0.0.N: Trace Attempt  5	[0.00 s]
0.0.N: Trace Attempt  1	[0.01 s]
0.0.Bm: Trace Attempt  1	[0.01 s]
0.0.Ht: Trace Attempt  1	[0.01 s]
0.0.Bm: Trace Attempt  2	[0.01 s]
0.0.Ht: Trace Attempt  2	[0.01 s]
0.0.Ht: A trace with 2 cycles was found. [0.01 s]
INFO (IPF047): 0.0.Ht: The cover property "alu.alu_controller.u_alu_controller_props.COV_read_SCC" was covered in 2 cycles in 0.01 s.
INFO (IPF047): 0.0.Ht: The cover property "alu.u_assertions.COV_read_SCC" was covered in 2 cycles in 0.01 s.
0.0.Ht: A trace with 2 cycles was found. [0.01 s]
INFO (IPF047): 0.0.Ht: The cover property "alu.alu_controller.u_alu_controller_props.COV_src1_sgpr" was covered in 2 cycles in 0.02 s.
INFO (IPF047): 0.0.Ht: The cover property "alu.u_assertions.COV_src1_sgpr" was covered in 2 cycles in 0.02 s.
0.0.Bm: A trace with 2 cycles was found. [0.01 s]
INFO (IPF047): 0.0.Bm: The cover property "alu.u_assertions.AST_dispatch_guarantees_completion:precondition1" was covered in 2 cycles in 0.02 s.
INFO (IPF047): 0.0.Bm: The cover property "alu.u_assertions.AST_no_permanent_stall:precondition1" was covered in 2 cycles in 0.02 s.
INFO (IPF047): 0.0.Bm: The cover property "alu.u_assertions.AST_rd_ex_no_overlap:precondition1" was covered in 2 cycles in 0.02 s.
0.0.N: Trace Attempt  2	[0.01 s]
0.0.Ht: A trace with 2 cycles was found. [0.01 s]
INFO (IPF047): 0.0.Ht: The cover property "alu.alu_controller.u_alu_controller_props.COV_read_vcc_lo" was covered in 2 cycles in 0.03 s.
INFO (IPF047): 0.0.Ht: The cover property "alu.u_assertions.COV_read_vcc_lo" was covered in 2 cycles in 0.03 s.
0.0.Bm: A trace with 2 cycles was found. [0.01 s]
INFO (IPF047): 0.0.Bm: The cover property "alu.alu_controller.u_alu_controller_props.COV_read_exec_lo" was covered in 2 cycles in 0.03 s.
INFO (IPF047): 0.0.Bm: The cover property "alu.u_assertions.COV_read_exec_lo" was covered in 2 cycles in 0.03 s.
0.0.B: net1580: "Rocky Linux 8.10 (Green Obsidian)" is an unsupported operating system.
0.0.N: Validation of fixpoint was successful. Time = 0.00
0.0.N: A proof was found: No trace exists. [0.01 s]
INFO (IPF057): 0.0.N: The property "alu.alu_controller.u_alu_controller_props.AST_alu_ready_only_idle" was proven in 0.04 s.
0.0.N: A proof was found: No trace exists. [0.00 s]
INFO (IPF057): 0.0.N: The property "alu.u_assertions.AST_not_ready_during_execution" was proven in 0.04 s.
0.0.N: Stopped processing property "alu.alu_controller.u_alu_controller_props.AST_alu_ready_only_idle"	[0.04 s].
0.0.N: Stopped processing property "alu.u_assertions.AST_not_ready_during_execution"	[0.04 s].
0: ProofGrid is temporarily paused because there are too many pending traces.
0: ProofGrid is resuming to work after pausing for 0s. The amount of pending traces decreased.
0.0.Ht: A trace with 2 cycles was found. [0.01 s]
INFO (IPF047): 0.0.Ht: The cover property "alu.u_assertions.AST_sgpr_dest_has_sgpr_addr:precondition1" was covered in 2 cycles in 0.03 s.
INFO (IPF047): 0.0.Ht: The cover property "alu.u_assertions.AST_vgpr_dest_not_fabricated:precondition1" was covered in 2 cycles in 0.03 s.
INFO (IPF047): 0.0.Ht: The cover property "alu.u_assertions.AST_sgpr_dest_not_fabricated:precondition1" was covered in 2 cycles in 0.03 s.
0.0.Ht: A trace with 2 cycles was found. [0.01 s]
INFO (IPF047): 0.0.Ht: The cover property "alu.u_assertions.AST_vgpr_dest_has_vgpr_addr:precondition1" was covered in 2 cycles in 0.04 s.
0.0.Ht: Trace Attempt  3	[0.01 s]
0.0.Bm: Trace Attempt  3	[0.02 s]
0: ProofGrid is temporarily paused because there are too many pending traces.
0: ProofGrid is resuming to work after pausing for 0s. The amount of pending traces decreased.
0.0.Bm: A trace with 3 cycles was found. [0.02 s]
INFO (IPF047): 0.0.Bm: The cover property "alu.u_assertions.AST_not_ready_during_execution:precondition1" was covered in 3 cycles in 0.04 s.
INFO (IPF047): 0.0.Bm: The cover property "alu.u_assertions.AST_start_only_during_execution:precondition1" was covered in 3 cycles in 0.04 s.
INFO (IPF047): 0.0.Bm: The cover property "alu.u_assertions.AST_opcode_forwarded_during_ex:precondition1" was covered in 3 cycles in 0.04 s.
INFO (IPF047): 0.0.Bm: The cover property "alu.u_alu_props.COV_issue_to_alu_start" was covered in 3 cycles in 0.04 s.
INFO (IPF047): 0.0.Bm: The cover property "alu.deadlock_assertions_alu_bind_i._assert_3:precondition1" was covered in 3 cycles in 0.04 s.
INFO (IPF047): 0.0.Bm: The cover property "alu.deadlock_assertions_alu_bind_i._assert_5:precondition1" was covered in 3 cycles in 0.04 s.
0.0.Bm: A trace with 3 cycles was found. [0.02 s]
INFO (IPF047): 0.0.Bm: The cover property "alu.valu.genblk1.simd_alu[15].deadlock_assertions_simd_lane_bind_i._assert_1:precondition1" was covered in 3 cycles in 0.04 s.
0.0.Bm: A trace with 3 cycles was found. [0.02 s]
INFO (IPF047): 0.0.Bm: The cover property "alu.valu.genblk1.simd_alu[14].deadlock_assertions_simd_lane_bind_i._assert_1:precondition1" was covered in 3 cycles in 0.05 s.
0.0.L: Proofgrid shell started at 320031@net1580(local) jg_319617_net1580_1
0.0.N: Starting proof for property "alu.alu_controller.u_alu_controller_props.COV_full_instruction_cycle"	[0.00 s].
0.0.N: Trace Attempt  1	[0.00 s]
0.0.N: Trace Attempt  2	[0.00 s]
0.0.N: Trace Attempt  3	[0.00 s]
0.0.N: Trace Attempt  3	[0.00 s]
0.0.N: Trace Attempt  4	[0.01 s]
0.0.N: Trace Attempt  5	[0.01 s]
0: ProofGrid is temporarily paused because there are too many pending traces.
0: ProofGrid is resuming to work after pausing for 0s. The amount of pending traces decreased.
0.0.Ht: A trace with 3 cycles was found. [0.02 s]
INFO (IPF047): 0.0.Ht: The cover property "alu.valu.genblk1.simd_alu[13].deadlock_assertions_simd_lane_bind_i._assert_1:precondition1" was covered in 3 cycles in 0.05 s.
INFO (IPF047): 0.0.Ht: The cover property "alu.valu.genblk1.simd_alu[12].deadlock_assertions_simd_lane_bind_i._assert_1:precondition1" was covered in 3 cycles in 0.05 s.
INFO (IPF047): 0.0.Ht: The cover property "alu.valu.genblk1.simd_alu[11].deadlock_assertions_simd_lane_bind_i._assert_1:precondition1" was covered in 3 cycles in 0.05 s.
INFO (IPF047): 0.0.Ht: The cover property "alu.valu.genblk1.simd_alu[10].deadlock_assertions_simd_lane_bind_i._assert_1:precondition1" was covered in 3 cycles in 0.05 s.
INFO (IPF047): 0.0.Ht: The cover property "alu.valu.genblk1.simd_alu[9].deadlock_assertions_simd_lane_bind_i._assert_1:precondition1" was covered in 3 cycles in 0.05 s.
INFO (IPF047): 0.0.Ht: The cover property "alu.valu.genblk1.simd_alu[8].deadlock_assertions_simd_lane_bind_i._assert_1:precondition1" was covered in 3 cycles in 0.05 s.
INFO (IPF047): 0.0.Ht: The cover property "alu.valu.genblk1.simd_alu[7].deadlock_assertions_simd_lane_bind_i._assert_1:precondition1" was covered in 3 cycles in 0.05 s.
INFO (IPF047): 0.0.Ht: The cover property "alu.valu.genblk1.simd_alu[6].deadlock_assertions_simd_lane_bind_i._assert_1:precondition1" was covered in 3 cycles in 0.05 s.
INFO (IPF047): 0.0.Ht: The cover property "alu.valu.genblk1.simd_alu[5].deadlock_assertions_simd_lane_bind_i._assert_1:precondition1" was covered in 3 cycles in 0.05 s.
INFO (IPF047): 0.0.Ht: The cover property "alu.valu.genblk1.simd_alu[4].deadlock_assertions_simd_lane_bind_i._assert_1:precondition1" was covered in 3 cycles in 0.05 s.
INFO (IPF047): 0.0.Ht: The cover property "alu.valu.genblk1.simd_alu[3].deadlock_assertions_simd_lane_bind_i._assert_1:precondition1" was covered in 3 cycles in 0.05 s.
INFO (IPF047): 0.0.Ht: The cover property "alu.valu.genblk1.simd_alu[2].deadlock_assertions_simd_lane_bind_i._assert_1:precondition1" was covered in 3 cycles in 0.05 s.
INFO (IPF047): 0.0.Ht: The cover property "alu.valu.genblk1.simd_alu[1].deadlock_assertions_simd_lane_bind_i._assert_1:precondition1" was covered in 3 cycles in 0.05 s.
INFO (IPF047): 0.0.Ht: The cover property "alu.valu.genblk1.simd_alu[0].deadlock_assertions_simd_lane_bind_i._assert_1:precondition1" was covered in 3 cycles in 0.05 s.
0.0.Ht: A trace with 3 cycles was found. [0.02 s]
INFO (IPF047): 0.0.Ht: The cover property "alu.u_assertions.AST_ex1_to_ex2_no_skip:precondition1" was covered in 3 cycles in 0.06 s.
INFO (IPF047): 0.0.Ht: The cover property "alu.u_alu_props.COV_issue_to_valu_done" was covered in 3 cycles in 0.06 s.
0.0.Ht: A trace with 3 cycles was found. [0.02 s]
INFO (IPF047): 0.0.Ht: The cover property "alu.u_alu_props._cover_7" was covered in 3 cycles in 0.06 s.
0: ProofGrid is temporarily paused because there are too many pending traces.
0: ProofGrid is resuming to work after pausing for 0s. The amount of pending traces decreased.
0.0.Ht: A trace with 3 cycles was found. [0.02 s]
INFO (IPF047): 0.0.Ht: The cover property "alu.deadlock_assertions_alu_bind_i._assert_2:precondition1" was covered in 3 cycles in 0.06 s.
INFO (IPF047): 0.0.Ht: The cover property "alu.deadlock_assertions_alu_bind_i._assert_4:precondition1" was covered in 3 cycles in 0.06 s.
0.0.Ht: Trace Attempt  4	[0.03 s]
0.0.Mpcustom4: Proofgrid shell started at 320029@net1580(local) jg_319617_net1580_1
0.0.Oh: Proofgrid shell started at 320030@net1580(local) jg_319617_net1580_1
0.0.B: Proofgrid shell started at 320032@net1580(local) jg_319617_net1580_1
0.0.AM: Proofgrid shell started at 320033@net1580(local) jg_319617_net1580_1
0.0.N: Trace Attempt  7	[0.02 s]
0.0.N: A trace with 7 cycles was found. [0.02 s]
INFO (IPF047): 0.0.N: The cover property "alu.alu_controller.u_alu_controller_props.COV_full_instruction_cycle" was covered in 7 cycles in 0.02 s.
INFO (IPF047): 0.0.N: The cover property "alu.alu_controller.u_alu_controller_props.COV_back_to_back_dispatch" was covered in 7 cycles in 0.02 s by the incidental trace "alu.alu_controller.u_alu_controller_props.COV_full_instruction_cycle".
INFO (IPF047): 0.0.N: The cover property "alu.u_assertions.AST_instr_done_is_pulse:precondition1" was covered in 6 cycles in 0.02 s by the incidental trace "alu.alu_controller.u_alu_controller_props.COV_full_instruction_cycle".
INFO (IPF047): 0.0.N: The cover property "alu.u_assertions.AST_ex2_to_ex3_no_skip:precondition1" was covered in 4 cycles in 0.02 s by the incidental trace "alu.alu_controller.u_alu_controller_props.COV_full_instruction_cycle".
INFO (IPF047): 0.0.N: The cover property "alu.u_assertions.AST_ex3_to_ex4_no_skip:precondition1" was covered in 5 cycles in 0.02 s by the incidental trace "alu.alu_controller.u_alu_controller_props.COV_full_instruction_cycle".
INFO (IPF047): 0.0.N: The cover property "alu.u_assertions.AST_no_backward_transition:precondition1" was covered in 4 cycles in 0.02 s by the incidental trace "alu.alu_controller.u_alu_controller_props.COV_full_instruction_cycle".
INFO (IPF047): 0.0.N: The cover property "alu.u_assertions.AST_src1_mux_stable_during_ex:precondition1" was covered in 4 cycles in 0.02 s by the incidental trace "alu.alu_controller.u_alu_controller_props.COV_full_instruction_cycle".
INFO (IPF047): 0.0.N: The cover property "alu.u_assertions.COV_full_instruction_cycle" was covered in 7 cycles in 0.02 s by the incidental trace "alu.alu_controller.u_alu_controller_props.COV_full_instruction_cycle".
INFO (IPF047): 0.0.N: The cover property "alu.u_alu_props.COV_issue_to_queue_done" was covered in 7 cycles in 0.02 s by the incidental trace "alu.alu_controller.u_alu_controller_props.COV_full_instruction_cycle".
INFO (IPF047): 0.0.N: The cover property "alu.u_assertions.COV_back_to_back_dispatch" was covered in 7 cycles in 0.02 s by the incidental trace "alu.alu_controller.u_alu_controller_props.COV_full_instruction_cycle".
INFO (IPF047): 0.0.N: The cover property "alu.u_assertions.AST_wb_preceded_by_ex:precondition1" was covered in 6 cycles in 0.02 s by the incidental trace "alu.alu_controller.u_alu_controller_props.COV_full_instruction_cycle".
INFO (IPF047): 0.0.N: The cover property "alu.u_assertions.AST_completion_only_from_ex4:precondition1" was covered in 6 cycles in 0.02 s by the incidental trace "alu.alu_controller.u_alu_controller_props.COV_full_instruction_cycle".
INFO (IPF047): 0.0.N: The cover property "alu.u_assertions.AST_src2_mux_stable_during_ex:precondition1" was covered in 4 cycles in 0.02 s by the incidental trace "alu.alu_controller.u_alu_controller_props.COV_full_instruction_cycle".
INFO (IPF047): 0.0.N: The cover property "alu.u_assertions.AST_src3_mux_stable_during_ex:precondition1" was covered in 4 cycles in 0.02 s by the incidental trace "alu.alu_controller.u_alu_controller_props.COV_full_instruction_cycle".
0.0.N: Stopped processing property "alu.alu_controller.u_alu_controller_props.COV_full_instruction_cycle"	[0.02 s].
INFO (IPF054): 0.0.Ht: A min_length bound of 5 was found for the property "alu.u_assertions.AST_ex3_to_ex4_no_skip:precondition1" in 0.07 s.
0.0.Ht: A trace with 4 cycles was found. [0.03 s]
INFO (IPF055): 0.0.Ht: A counterexample (cex) with 4 cycles was found for the property "alu.u_assertions.AST_src1_mux_stable_during_ex" in 0.07 s.
0.0.Ht: A trace with 4 cycles was found. [0.03 s]
INFO (IPF055): 0.0.Ht: A counterexample (cex) with 4 cycles was found for the property "alu.u_assertions.AST_src2_mux_stable_during_ex" in 0.08 s.
0: ProofGrid is temporarily paused because there are too many pending traces.
0: ProofGrid is resuming to work after pausing for 0s. The amount of pending traces decreased.
0.0.Ht: A trace with 4 cycles was found. [0.03 s]
INFO (IPF055): 0.0.Ht: A counterexample (cex) with 4 cycles was found for the property "alu.u_assertions.AST_src3_mux_stable_during_ex" in 0.08 s.
0.0.Ht: Trace Attempt  5	[0.04 s]
INFO (IPF054): 0.0.Ht: A min_length bound of 6 was found for the property "alu.u_assertions.AST_instr_done_is_pulse:precondition1" in 0.09 s.
INFO (IPF054): 0.0.Ht: A min_length bound of 6 was found for the property "alu.u_assertions.AST_wb_preceded_by_ex:precondition1" in 0.09 s.
INFO (IPF054): 0.0.Ht: A min_length bound of 6 was found for the property "alu.u_assertions.AST_completion_only_from_ex4:precondition1" in 0.09 s.
0.0.Bm: Trace Attempt  4	[0.06 s]
0.0.Bm: Trace Attempt  5	[0.07 s]
0.0.L: clocks: 1, declared: 1, looping: 0, posedge: 1, negedge: 0, noedge: 0, bothedge: 0
0.0.L: Using trace diversification with seed 1 (0.05)
0.0.L: Using LRU state removal heuristic
0.0.L: Using states from traces to { (reset) }
0.0.L: Trace Attempt  3	[0.03 s]
0.0.N: Starting proof for property "alu.alu_controller.u_alu_controller_props.COV_vgpr_writeback"	[0.00 s].
0.0.N: Starting proof for property "alu.u_assertions.COV_vgpr_writeback"	[0.00 s].
0.0.N: Trace Attempt  1	[0.00 s]
0.0.N: Trace Attempt  2	[0.00 s]
0.0.N: Trace Attempt  3	[0.00 s]
0.0.N: Trace Attempt  4	[0.00 s]
0.0.N: Trace Attempt  5	[0.00 s]
0.0.Ht: Trace Attempt  6	[0.07 s]
0.0.Ht: A trace with 6 cycles was found. [0.07 s]
INFO (IPF047): 0.0.Ht: The cover property "alu.alu_controller.u_alu_controller_props.COV_vgpr_writeback" was covered in 6 cycles in 0.09 s.
INFO (IPF047): 0.0.Ht: The cover property "alu.u_assertions.COV_vgpr_writeback" was covered in 6 cycles in 0.09 s.
0.0.Ht: A trace with 6 cycles was found. [0.07 s]
INFO (IPF047): 0.0.Ht: The cover property "alu.alu_controller.u_alu_controller_props.COV_VCC_wr_en" was covered in 6 cycles in 0.10 s.
INFO (IPF047): 0.0.Ht: The cover property "alu.alu_controller.u_alu_controller_props.COV_sgpr_writeback" was covered in 6 cycles in 0.10 s.
INFO (IPF047): 0.0.Ht: The cover property "alu.u_assertions.COV_VCC_wr_en" was covered in 6 cycles in 0.10 s.
INFO (IPF047): 0.0.Ht: The cover property "alu.u_assertions.COV_sgpr_writeback" was covered in 6 cycles in 0.10 s.
0: ProofGrid is temporarily paused because there are too many pending traces.
0: ProofGrid is resuming to work after pausing for 0s. The amount of pending traces decreased.
0.0.Ht: A trace with 6 cycles was found. [0.07 s]
INFO (IPF047): 0.0.Ht: The cover property "alu.deadlock_assertions_alu_bind_i._cover_7" was covered in 6 cycles in 0.11 s.
0.0.Mpcustom4: clocks: 1, declared: 1, looping: 0, posedge: 1, negedge: 0, noedge: 0, bothedge: 0
0.0.Mpcustom4: Trace Attempt  1	[0.02 s]
0.0.Mpcustom4: Trace Attempt  2	[0.02 s]
0.0.Oh: clocks: 1, declared: 1, looping: 0, posedge: 1, negedge: 0, noedge: 0, bothedge: 0
0.0.L: Using states from traces to { alu.u_assertions.AST_dispatch_guarantees_completion:precondition1 (2) }
0.0.B: clocks: 1, declared: 1, looping: 0, posedge: 1, negedge: 0, noedge: 0, bothedge: 0
0.0.B: Next scan (0) will use per property time limit: 1s * 10 ^ 0 = 1s
0.0.B: Starting proof for property "alu.valu.genblk1.simd_alu[15].deadlock_assertions_simd_lane_bind_i._cover_2"	[0.00 s].
0.0.B: Trace Attempt  1	[0.00 s]
0.0.B: Trace Attempt  2	[0.00 s]
0.0.B: Trace Attempt  3	[0.00 s]
0.0.AM: clocks: 1, declared: 1, looping: 0, posedge: 1, negedge: 0, noedge: 0, bothedge: 0
0.0.AM: Next scan (0) will use per property time limit: 1s * 10 ^ 0 = 1s
0.0.AM: Starting proof for property "alu.valu.genblk1.simd_alu[15].deadlock_assertions_simd_lane_bind_i._cover_2"	[0.00 s].
0.0.AM: Trace Attempt  1	[0.00 s]
0.0.AM: Trace Attempt  2	[0.00 s]
0.0.AM: Trace Attempt  3	[0.00 s]
0.0.AM: Trace Attempt  4	[0.00 s]
0.0.AM: Trace Attempt  5	[0.00 s]
0.0.N: Trace Attempt  6	[0.01 s]
0.0.N: Stopped processing property "alu.alu_controller.u_alu_controller_props.COV_vgpr_writeback"	[0.02 s].
0.0.N: Stopped processing property "alu.u_assertions.COV_vgpr_writeback"	[0.02 s].
0.0.N: Starting proof for property "alu.valu.genblk1.simd_alu[15].deadlock_assertions_simd_lane_bind_i._cover_2"	[0.00 s].
0.0.N: Trace Attempt  1	[0.00 s]
0.0.N: Trace Attempt  2	[0.00 s]
0.0.N: Trace Attempt  3	[0.00 s]
0.0.N: Trace Attempt  3	[0.01 s]
0.0.N: Trace Attempt  4	[0.01 s]
0.0.N: Trace Attempt  5	[0.01 s]
0.0.Ht: Trace Attempt  7	[0.08 s]
0.0.Ht: A trace with 7 cycles was found. [0.08 s]
INFO (IPF047): 0.0.Ht: The cover property "alu.valu.genblk1.simd_alu[15].deadlock_assertions_simd_lane_bind_i._cover_2" was covered in 7 cycles in 0.12 s.
0.0.Ht: A trace with 7 cycles was found. [0.08 s]
INFO (IPF047): 0.0.Ht: The cover property "alu.valu.genblk1.simd_alu[14].deadlock_assertions_simd_lane_bind_i._cover_2" was covered in 7 cycles in 0.12 s.
0: ProofGrid is temporarily paused because there are too many pending traces.
0: ProofGrid is resuming to work after pausing for 0s. The amount of pending traces decreased.
0.0.Ht: A trace with 7 cycles was found. [0.08 s]
INFO (IPF047): 0.0.Ht: The cover property "alu.valu.genblk1.simd_alu[13].deadlock_assertions_simd_lane_bind_i._cover_2" was covered in 7 cycles in 0.12 s.
0: ProofGrid is temporarily paused because there are too many pending traces.
0: ProofGrid is resuming to work after pausing for 0s. The amount of pending traces decreased.
0.0.Ht: A trace with 7 cycles was found. [0.08 s]
INFO (IPF047): 0.0.Ht: The cover property "alu.valu.genblk1.simd_alu[12].deadlock_assertions_simd_lane_bind_i._cover_2" was covered in 7 cycles in 0.13 s.
0.0.Bm: Trace Attempt  7	[0.09 s]
0.0.Bm: A trace with 7 cycles was found. [0.10 s]
INFO (IPF047): 0.0.Bm: The cover property "alu.valu.genblk1.simd_alu[1].deadlock_assertions_simd_lane_bind_i._cover_2" was covered in 7 cycles in 0.13 s.
INFO (IPF047): 0.0.Bm: The cover property "alu.valu.genblk1.simd_alu[0].deadlock_assertions_simd_lane_bind_i._cover_2" was covered in 7 cycles in 0.13 s.
0: ProofGrid is temporarily paused because there are too many pending traces.
0: ProofGrid is resuming to work after pausing for 0s. The amount of pending traces decreased.
0.0.Bm: A trace with 7 cycles was found. [0.10 s]
INFO (IPF047): 0.0.Bm: The cover property "alu.valu.genblk1.simd_alu[11].deadlock_assertions_simd_lane_bind_i._cover_2" was covered in 7 cycles in 0.14 s.
0.0.Bm: A trace with 7 cycles was found. [0.10 s]
INFO (IPF047): 0.0.Bm: The cover property "alu.valu.genblk1.simd_alu[10].deadlock_assertions_simd_lane_bind_i._cover_2" was covered in 7 cycles in 0.14 s.
0.0.Bm: A trace with 7 cycles was found. [0.10 s]
INFO (IPF047): 0.0.Bm: The cover property "alu.valu.genblk1.simd_alu[9].deadlock_assertions_simd_lane_bind_i._cover_2" was covered in 7 cycles in 0.14 s.
0.0.L: Trace Attempt  3	[0.05 s]
0.0.L: Using states from traces to { alu.u_assertions.AST_not_ready_during_execution:precondition1 (3) }
0.0.L: Trace Attempt  3	[0.06 s]
0.0.L: Using states from traces to { alu.u_assertions.AST_ex2_to_ex3_no_skip:precondition1 (4) }
0.0.L: Trace Attempt  3	[0.06 s]
0.0.L: Using states from traces to { alu.u_assertions.AST_ex3_to_ex4_no_skip:precondition1 (5) }
0.0.L: Trace Attempt  3	[0.07 s]
0.0.L: Using states from traces to { alu.valu.genblk1.simd_alu[15].deadlock_assertions_simd_lane_bind_i._assert_1:precondition1 (6) }
0.0.B: Trace Attempt  4	[0.01 s]
0.0.B: Stopped processing property "alu.valu.genblk1.simd_alu[15].deadlock_assertions_simd_lane_bind_i._cover_2"	[0.03 s].
0.0.B: Starting proof for property "alu.valu.genblk1.simd_alu[12].deadlock_assertions_simd_lane_bind_i._cover_2"	[0.00 s].
0.0.B: Trace Attempt  1	[0.00 s]
0.0.B: Trace Attempt  2	[0.00 s]
0.0.B: Trace Attempt  3	[0.00 s]
0.0.B: Stopped processing property "alu.valu.genblk1.simd_alu[12].deadlock_assertions_simd_lane_bind_i._cover_2"	[0.00 s].
0.0.B: Starting proof for property "alu.valu.genblk1.simd_alu[11].deadlock_assertions_simd_lane_bind_i._cover_2"	[0.00 s].
0.0.B: Trace Attempt  1	[0.00 s]
0.0.B: Trace Attempt  2	[0.00 s]
0.0.B: Trace Attempt  3	[0.00 s]
0.0.B: Trace Attempt  4	[0.01 s]
0.0.AM: Trace Attempt  7	[0.01 s]
0.0.AM: Stopped processing property "alu.valu.genblk1.simd_alu[15].deadlock_assertions_simd_lane_bind_i._cover_2"	[0.03 s].
0.0.AM: Starting proof for property "alu.valu.genblk1.simd_alu[12].deadlock_assertions_simd_lane_bind_i._cover_2"	[0.00 s].
0.0.AM: Trace Attempt  1	[0.00 s]
0.0.AM: Trace Attempt  2	[0.00 s]
0.0.AM: Trace Attempt  3	[0.00 s]
0.0.AM: Trace Attempt  4	[0.00 s]
0.0.AM: Trace Attempt  5	[0.00 s]
0.0.AM: Trace Attempt  7	[0.01 s]
0.0.AM: Stopped processing property "alu.valu.genblk1.simd_alu[12].deadlock_assertions_simd_lane_bind_i._cover_2"	[0.00 s].
0.0.AM: Starting proof for property "alu.valu.genblk1.simd_alu[11].deadlock_assertions_simd_lane_bind_i._cover_2"	[0.00 s].
0.0.AM: Trace Attempt  1	[0.00 s]
0.0.AM: Trace Attempt  2	[0.00 s]
0.0.AM: Trace Attempt  3	[0.00 s]
0.0.AM: Trace Attempt  4	[0.00 s]
0.0.AM: Trace Attempt  5	[0.00 s]
0.0.N: Trace Attempt  5	[0.01 s]
0.0.N: Trace Attempt  6	[0.01 s]
0.0.N: Stopped processing property "alu.valu.genblk1.simd_alu[15].deadlock_assertions_simd_lane_bind_i._cover_2"	[0.03 s].
0.0.N: Starting proof for property "alu.valu.genblk1.simd_alu[12].deadlock_assertions_simd_lane_bind_i._cover_2"	[0.00 s].
0.0.N: Trace Attempt  1	[0.00 s]
0.0.N: Trace Attempt  2	[0.00 s]
0.0.N: Trace Attempt  3	[0.00 s]
0.0.N: Trace Attempt  3	[0.01 s]
0.0.N: Trace Attempt  4	[0.01 s]
0.0.N: Trace Attempt  5	[0.01 s]
0.0.N: Stopped processing property "alu.valu.genblk1.simd_alu[12].deadlock_assertions_simd_lane_bind_i._cover_2"	[0.00 s].
0.0.N: Starting proof for property "alu.valu.genblk1.simd_alu[11].deadlock_assertions_simd_lane_bind_i._cover_2"	[0.00 s].
0.0.N: Trace Attempt  1	[0.00 s]
0.0.N: Trace Attempt  2	[0.00 s]
0.0.N: Trace Attempt  3	[0.00 s]
0.0.N: Trace Attempt  3	[0.01 s]
0.0.N: Trace Attempt  4	[0.01 s]
0.0.N: Trace Attempt  5	[0.01 s]
0.0.N: Trace Attempt  5	[0.01 s]
0: ProofGrid is temporarily paused because there are too many pending traces.
0: ProofGrid is resuming to work after pausing for 0s. The amount of pending traces decreased.
0.0.Ht: A trace with 7 cycles was found. [0.10 s]
INFO (IPF047): 0.0.Ht: The cover property "alu.valu.genblk1.simd_alu[8].deadlock_assertions_simd_lane_bind_i._cover_2" was covered in 7 cycles in 0.15 s.
0.0.Ht: A trace with 7 cycles was found. [0.10 s]
INFO (IPF047): 0.0.Ht: The cover property "alu.valu.genblk1.simd_alu[7].deadlock_assertions_simd_lane_bind_i._cover_2" was covered in 7 cycles in 0.15 s.
0.0.Bm: A trace with 7 cycles was found. [0.12 s]
INFO (IPF047): 0.0.Bm: The cover property "alu.valu.genblk1.simd_alu[6].deadlock_assertions_simd_lane_bind_i._cover_2" was covered in 7 cycles in 0.16 s.
0.0.Bm: A trace with 7 cycles was found. [0.12 s]
INFO (IPF047): 0.0.Bm: The cover property "alu.valu.genblk1.simd_alu[5].deadlock_assertions_simd_lane_bind_i._cover_2" was covered in 7 cycles in 0.16 s.
0.0.Oh: bwd trail(1): 1 0.0355087s
0.0.Oh: All properties either determined or skipped. [0.06 s]
0.0.L: Trace Attempt  3	[0.08 s]
0.0.L: Using states from traces to { alu.alu_controller.u_alu_controller_props.COV_read_SCC (7) }
0.0.L: Trace Attempt  3	[0.08 s]
0.0.L: Using states from traces to { alu.alu_controller.u_alu_controller_props.COV_src1_sgpr (8) }
0.0.L: Trace Attempt  3	[0.09 s]
0.0.L: Using states from traces to { alu.alu_controller.u_alu_controller_props.COV_read_vcc_lo (9) }
0.0.L: Trace Attempt  3	[0.10 s]
0.0.L: A trace with 11 cycles was found. [0.10 s]
INFO (IPF047): 0.0.L: The cover property "alu.valu.genblk1.simd_alu[4].deadlock_assertions_simd_lane_bind_i._cover_2" was covered in 11 cycles in 0.08 s.
INFO (IPF047): 0.0.L: The cover property "alu.valu.genblk1.simd_alu[3].deadlock_assertions_simd_lane_bind_i._cover_2" was covered in 11 cycles in 0.08 s.
INFO (IPF047): 0.0.L: The cover property "alu.valu.genblk1.simd_alu[2].deadlock_assertions_simd_lane_bind_i._cover_2" was covered in 11 cycles in 0.08 s.
0.0.L: Using states from traces to { alu.valu.genblk1.simd_alu[15].deadlock_assertions_simd_lane_bind_i._cover_2 (10) }
0.0.L: Trace Attempt  3	[0.10 s]
0.0.B: Trace Attempt  5	[0.01 s]
0.0.B: Stopped processing property "alu.valu.genblk1.simd_alu[11].deadlock_assertions_simd_lane_bind_i._cover_2"	[0.02 s].
0.0.B: Starting proof for property "alu.valu.genblk1.simd_alu[10].deadlock_assertions_simd_lane_bind_i._cover_2"	[0.00 s].
0.0.B: Trace Attempt  1	[0.00 s]
0.0.B: Trace Attempt  2	[0.00 s]
0.0.B: Trace Attempt  3	[0.00 s]
0.0.B: Trace Attempt  4	[0.01 s]
0.0.B: Stopped processing property "alu.valu.genblk1.simd_alu[10].deadlock_assertions_simd_lane_bind_i._cover_2"	[0.00 s].
0.0.B: Starting proof for property "alu.valu.genblk1.simd_alu[7].deadlock_assertions_simd_lane_bind_i._cover_2"	[0.00 s].
0.0.B: Trace Attempt  1	[0.00 s]
0.0.B: Trace Attempt  2	[0.00 s]
0.0.B: Trace Attempt  3	[0.00 s]
0.0.B: Trace Attempt  4	[0.01 s]
0.0.AM: Trace Attempt  7	[0.01 s]
0.0.AM: Stopped processing property "alu.valu.genblk1.simd_alu[11].deadlock_assertions_simd_lane_bind_i._cover_2"	[0.02 s].
0.0.AM: Starting proof for property "alu.valu.genblk1.simd_alu[10].deadlock_assertions_simd_lane_bind_i._cover_2"	[0.00 s].
0.0.AM: Trace Attempt  1	[0.00 s]
0.0.AM: Trace Attempt  2	[0.00 s]
0.0.AM: Trace Attempt  3	[0.00 s]
0.0.AM: Trace Attempt  4	[0.00 s]
0.0.AM: Trace Attempt  5	[0.00 s]
0.0.AM: Trace Attempt  7	[0.01 s]
0.0.AM: Stopped processing property "alu.valu.genblk1.simd_alu[10].deadlock_assertions_simd_lane_bind_i._cover_2"	[0.00 s].
0.0.AM: Starting proof for property "alu.valu.genblk1.simd_alu[7].deadlock_assertions_simd_lane_bind_i._cover_2"	[0.00 s].
0.0.AM: Trace Attempt  1	[0.00 s]
0.0.AM: Trace Attempt  2	[0.00 s]
0.0.AM: Trace Attempt  3	[0.00 s]
0.0.AM: Trace Attempt  4	[0.00 s]
0.0.AM: Trace Attempt  5	[0.00 s]
0.0.AM: Trace Attempt  7	[0.01 s]
0.0.AM: Stopped processing property "alu.valu.genblk1.simd_alu[7].deadlock_assertions_simd_lane_bind_i._cover_2"	[0.00 s].
0.0.AM: Starting proof for property "alu.valu.genblk1.simd_alu[6].deadlock_assertions_simd_lane_bind_i._cover_2"	[0.00 s].
0.0.AM: Trace Attempt  1	[0.00 s]
0.0.N: Trace Attempt  6	[0.01 s]
0.0.N: Stopped processing property "alu.valu.genblk1.simd_alu[11].deadlock_assertions_simd_lane_bind_i._cover_2"	[0.02 s].
0.0.N: Starting proof for property "alu.valu.genblk1.simd_alu[10].deadlock_assertions_simd_lane_bind_i._cover_2"	[0.00 s].
0.0.N: Trace Attempt  1	[0.00 s]
0.0.N: Trace Attempt  2	[0.00 s]
0.0.N: Trace Attempt  3	[0.00 s]
0.0.N: Trace Attempt  3	[0.01 s]
0.0.N: Trace Attempt  4	[0.01 s]
0.0.N: Trace Attempt  5	[0.01 s]
0.0.N: Trace Attempt  5	[0.01 s]
0.0.N: Trace Attempt  6	[0.01 s]
0.0.N: Stopped processing property "alu.valu.genblk1.simd_alu[10].deadlock_assertions_simd_lane_bind_i._cover_2"	[0.00 s].
0.0.N: Starting proof for property "alu.valu.genblk1.simd_alu[7].deadlock_assertions_simd_lane_bind_i._cover_2"	[0.00 s].
0.0.N: Trace Attempt  1	[0.00 s]
0.0.N: Trace Attempt  2	[0.00 s]
0.0.N: Trace Attempt  3	[0.00 s]
0.0.N: Trace Attempt  3	[0.01 s]
0.0.N: Trace Attempt  4	[0.01 s]
0.0.N: Trace Attempt  5	[0.01 s]
0.0.N: Stopped processing property "alu.valu.genblk1.simd_alu[7].deadlock_assertions_simd_lane_bind_i._cover_2"	[0.00 s].
0.0.N: Starting proof for property "alu.valu.genblk1.simd_alu[6].deadlock_assertions_simd_lane_bind_i._cover_2"	[0.00 s].
0.0.N: Trace Attempt  1	[0.00 s]
0.0.N: Trace Attempt  2	[0.00 s]
0.0.N: Trace Attempt  3	[0.00 s]
0: ProofGrid is temporarily paused because there are too many pending traces.
0: ProofGrid is resuming to work after pausing for 0s. The amount of pending traces decreased.
0.0.Ht: A trace with 7 cycles was found. [0.12 s]
INFO (IPF047): 0.0.Ht: The cover property "alu.valu.genblk1.simd_alu[4].deadlock_assertions_simd_lane_bind_i._cover_2" was covered in 7 cycles in 0.18 s.
0.0.Ht: A trace with 7 cycles was found. [0.12 s]
INFO (IPF047): 0.0.Ht: The cover property "alu.valu.genblk1.simd_alu[3].deadlock_assertions_simd_lane_bind_i._cover_2" was covered in 7 cycles in 0.18 s.
0: ProofGrid is temporarily paused because there are too many pending traces.
0: ProofGrid is resuming to work after pausing for 0s. The amount of pending traces decreased.
0.0.Ht: A trace with 7 cycles was found. [0.12 s]
INFO (IPF047): 0.0.Ht: The cover property "alu.valu.genblk1.simd_alu[2].deadlock_assertions_simd_lane_bind_i._cover_2" was covered in 7 cycles in 0.18 s.
0: ProofGrid usable level: 31
0.0.Bm: Trace Attempt  8	[0.16 s]
0.0.Bm: A trace with 8 cycles was found. [0.17 s]
INFO (IPF047): 0.0.Bm: The cover property "alu.u_alu_props.AST_vgpr_write_means_done:precondition1" was covered in 8 cycles in 0.19 s.
INFO (IPF047): 0.0.Bm: The cover property "alu.u_alu_props.COV_issue_to_instr_done" was covered in 8 cycles in 0.19 s.
INFO (IPF047): 0.0.Bm: The cover property "alu.u_alu_props.COV_issue_alu_done_retire" was covered in 8 cycles in 0.19 s.
0.0.Oh: Exited with Success (@ 0.28 s)
0: ProofGrid usable level: 28
0.0.L: Using states from traces to { alu.alu_controller.u_alu_controller_props.COV_read_exec_lo (11) }
0.0.L: Trace Attempt  3	[0.11 s]
0.0.L: Trace Attempt  4	[0.11 s]
0.0.L: Trace Attempt  5	[0.11 s]
0.0.L: A trace with 15 cycles was found. [0.12 s]
INFO (IPF047): 0.0.L: The cover property "alu.deadlock_assertions_alu_bind_i._cover_6" was covered in 15 cycles in 0.11 s.
0.0.L: Using states from traces to { alu.deadlock_assertions_alu_bind_i._cover_6 (14) }
0.0.L: Trace Attempt  3	[0.12 s]
0.0.L: Trace Attempt  4	[0.12 s]
0.0.L: Trace Attempt  5	[0.12 s]
0.0.B: Stopped processing property "alu.valu.genblk1.simd_alu[7].deadlock_assertions_simd_lane_bind_i._cover_2"	[0.03 s].
0.0.B: Starting proof for property "alu.valu.genblk1.simd_alu[6].deadlock_assertions_simd_lane_bind_i._cover_2"	[0.00 s].
0.0.B: Trace Attempt  1	[0.00 s]
0.0.B: Trace Attempt  2	[0.00 s]
0.0.B: Stopped processing property "alu.valu.genblk1.simd_alu[6].deadlock_assertions_simd_lane_bind_i._cover_2"	[0.00 s].
0.0.B: Starting proof for property "alu.u_assertions.AST_dispatch_guarantees_completion"	[0.00 s].
0.0.B: Trace Attempt  1	[0.00 s]
0.0.B: Trace Attempt  2	[0.01 s]
0.0.B: Trace Attempt  3	[0.01 s]
0: ProofGrid is temporarily paused because there are too many pending traces.
0: ProofGrid is resuming to work after pausing for 0s. The amount of pending traces decreased.
0.0.B: A trace with 2+1 cycles was found (stem + loop). [0.02 s]
INFO (IPF069): 0.0.B: A counterexample (cex) with 2+1 cycles was found for the property "alu.u_assertions.AST_dispatch_guarantees_completion" in 0.00 s (stem + loop).
0.0.B: Stopped processing property "alu.u_assertions.AST_dispatch_guarantees_completion"	[0.00 s].
0.0.AM: Trace Attempt  2	[0.00 s]
0.0.AM: Trace Attempt  3	[0.00 s]
0.0.AM: Trace Attempt  4	[0.00 s]
0.0.AM: Stopped processing property "alu.valu.genblk1.simd_alu[6].deadlock_assertions_simd_lane_bind_i._cover_2"	[0.03 s].
0.0.AM: Starting proof for property "alu.valu.genblk1.simd_alu[4].deadlock_assertions_simd_lane_bind_i._cover_2"	[0.00 s].
0.0.AM: Stopped processing property "alu.valu.genblk1.simd_alu[4].deadlock_assertions_simd_lane_bind_i._cover_2"	[0.00 s].
0.0.AM: Starting proof for property "alu.u_assertions.AST_dispatch_guarantees_completion"	[0.00 s].
0.0.AM: Trace Attempt  1	[0.00 s]
0.0.AM: Trace Attempt  2	[0.01 s]
0.0.AM: Trace Attempt  3	[0.01 s]
0.0.AM: Stopped processing property "alu.u_assertions.AST_dispatch_guarantees_completion"	[0.00 s].
0.0.N: Trace Attempt  3	[0.01 s]
0.0.N: Trace Attempt  4	[0.01 s]
0.0.N: Stopped processing property "alu.valu.genblk1.simd_alu[6].deadlock_assertions_simd_lane_bind_i._cover_2"	[0.03 s].
0.0.N: Starting proof for property "alu.valu.genblk1.simd_alu[4].deadlock_assertions_simd_lane_bind_i._cover_2"	[0.00 s].
0.0.N: Stopped processing property "alu.valu.genblk1.simd_alu[4].deadlock_assertions_simd_lane_bind_i._cover_2"	[0.00 s].
0.0.N: Starting proof for property "alu.u_assertions.AST_dispatch_guarantees_completion"	[0.00 s].
0.0.N: Trace Attempt  1	[0.00 s]
0.0.N: Trace Attempt  2	[0.01 s]
0.0.N: Trace Attempt  3	[0.01 s]
0.0.N: Trace Attempt  3	[0.01 s]
0.0.N: Stopped processing property "alu.u_assertions.AST_dispatch_guarantees_completion"	[0.00 s].
0.0.Mpcustom4: A proof was found: No trace exists. [0.00 s]
INFO (IPF057): 0.0.Mpcustom4: The property "alu.u_assertions.AST_instr_done_is_pulse" was proven in 0.09 s.
0.0.Mpcustom4: A proof was found: No trace exists. [0.00 s]
INFO (IPF057): 0.0.Mpcustom4: The property "alu.u_assertions.AST_no_spurious_source_capture" was proven in 0.09 s.
0.0.Mpcustom4: A proof was found: No trace exists. [0.00 s]
INFO (IPF057): 0.0.Mpcustom4: The property "alu.u_assertions.AST_rd_wb_mutually_exclusive" was proven in 0.09 s.
0.0.Mpcustom4: A proof was found: No trace exists. [0.00 s]
INFO (IPF057): 0.0.Mpcustom4: The property "alu.u_assertions.AST_rd_ex_no_overlap" was proven in 0.09 s.
0.0.Mpcustom4: A proof was found: No trace exists. [0.00 s]
INFO (IPF057): 0.0.Mpcustom4: The property "alu.u_assertions.AST_start_only_during_execution" was proven in 0.09 s.
0.0.Mpcustom4: A proof was found: No trace exists. [0.00 s]
INFO (IPF057): 0.0.Mpcustom4: The property "alu.u_assertions.AST_completion_only_from_ex4" was proven in 0.09 s.
0.0.Mpcustom4: A proof was found: No trace exists. [0.00 s]
INFO (IPF057): 0.0.Mpcustom4: The property "alu.u_assertions.AST_ex1_to_ex2_no_skip" was proven in 0.09 s.
0.0.Mpcustom4: A proof was found: No trace exists. [0.00 s]
INFO (IPF057): 0.0.Mpcustom4: The property "alu.u_assertions.AST_ex2_to_ex3_no_skip" was proven in 0.09 s.
0.0.Mpcustom4: A proof was found: No trace exists. [0.00 s]
INFO (IPF057): 0.0.Mpcustom4: The property "alu.u_assertions.AST_ex3_to_ex4_no_skip" was proven in 0.09 s.
0.0.Mpcustom4: A proof was found: No trace exists. [0.00 s]
INFO (IPF057): 0.0.Mpcustom4: The property "alu.u_assertions.AST_no_backward_transition" was proven in 0.10 s.
0.0.Mpcustom4: A proof was found: No trace exists. [0.00 s]
INFO (IPF057): 0.0.Mpcustom4: The property "alu.deadlock_assertions_alu_bind_i._assert_4" was proven in 0.10 s.
0.0.Mpcustom4: Trace Attempt  3	[0.12 s]
0.0.B: Starting proof for property "alu.u_assertions.AST_no_permanent_stall"	[0.00 s].
0.0.B: Trace Attempt  1	[0.00 s]
0.0.B: Trace Attempt  2	[0.01 s]
0.0.B: Trace Attempt  3	[0.01 s]
0.0.AM: Starting proof for property "alu.u_assertions.AST_no_permanent_stall"	[0.00 s].
0.0.AM: Trace Attempt  1	[0.00 s]
0.0.AM: Trace Attempt  2	[0.01 s]
0.0.AM: Trace Attempt  3	[0.01 s]
0.0.N: Starting proof for property "alu.u_assertions.AST_no_permanent_stall"	[0.00 s].
0.0.N: Trace Attempt  1	[0.00 s]
0.0.N: Trace Attempt  2	[0.01 s]
0.0.N: Trace Attempt  3	[0.01 s]
0.0.N: Trace Attempt  3	[0.01 s]
0.0.N: A trace with 2+1 cycles was found (stem + loop). [0.01 s]
INFO (IPF069): 0.0.N: A counterexample (cex) with 2+1 cycles was found for the property "alu.u_assertions.AST_no_permanent_stall" in 0.00 s (stem + loop).
0.0.N: Stopped processing property "alu.u_assertions.AST_no_permanent_stall"	[0.01 s].
0.0.N: Starting proof for property "alu.u_assertions.AST_wb_preceded_by_ex"	[0.00 s].
0.0.AM: Stopped processing property "alu.u_assertions.AST_no_permanent_stall"	[0.01 s].
0.0.AM: Starting proof for property "alu.u_assertions.AST_wb_preceded_by_ex"	[0.00 s].
0.0.B: Stopped processing property "alu.u_assertions.AST_no_permanent_stall"	[0.01 s].
0.0.B: Starting proof for property "alu.u_assertions.AST_wb_preceded_by_ex"	[0.00 s].
0.0.N: Trace Attempt  1	[0.00 s]
0.0.AM: Trace Attempt  1	[0.00 s]
0.0.B: Trace Attempt  1	[0.00 s]
0.0.AM: Trace Attempt  2	[0.00 s]
0.0.B: Trace Attempt  2	[0.00 s]
0.0.AM: Trace Attempt  3	[0.00 s]
0.0.N: Trace Attempt  2	[0.00 s]
0.0.AM: Trace Attempt  4	[0.00 s]
0.0.N: Trace Attempt  3	[0.00 s]
0.0.AM: Trace Attempt  5	[0.00 s]
0.0.N: Trace Attempt  4	[0.00 s]
0.0.B: Trace Attempt  3	[0.00 s]
0.0.N: Trace Attempt  5	[0.01 s]
0.0.AM: Trace Attempt  1	[0.01 s]
0.0.Mpcustom4: Trace Attempt  4	[0.14 s]
0.0.B: Trace Attempt  4	[0.01 s]
0.0.AM: Trace Attempt  2	[0.01 s]
0.0.AM: Trace Attempt  3	[0.01 s]
0.0.AM: Trace Attempt  5	[0.01 s]
0.0.Mpcustom4: Trace Attempt  3	[0.14 s]
0.0.B: Trace Attempt  5	[0.01 s]
0.0.Ht: Trace Attempt 10	[0.20 s]
0.0.Ht: A trace with 10 cycles was found. [0.21 s]
INFO (IPF047): 0.0.Ht: The cover property "alu.u_alu_props.COV_vop1_vgpr_write" was covered in 10 cycles in 0.22 s.
0.0.Mpcustom4: Trace Attempt  4	[0.15 s]
0.0.Ht: A trace with 10 cycles was found. [0.21 s]
INFO (IPF047): 0.0.Ht: The cover property "alu.u_alu_props.COV_vop1_vgpr_write2" was covered in 10 cycles in 0.22 s.
0.0.AM: Trace Attempt  5	[0.02 s]
0.0.Ht: A trace with 10 cycles was found. [0.21 s]
INFO (IPF047): 0.0.Ht: The cover property "alu.u_alu_props.COV_vop2_vgpr_write" was covered in 10 cycles in 0.23 s.
0.0.Ht: A trace with 10 cycles was found. [0.22 s]
INFO (IPF047): 0.0.Ht: The cover property "alu.u_alu_props.COV_vop3a_vgpr_write" was covered in 10 cycles in 0.23 s.
0.0.Ht: A trace with 10 cycles was found. [0.22 s]
INFO (IPF047): 0.0.Ht: The cover property "alu.u_alu_props.COV_vop3b_vgpr_write" was covered in 10 cycles in 0.24 s.
0.0.Ht: Trace Attempt 11	[0.22 s]
0.0.N: Trace Attempt  1	[0.03 s]
0.0.AM: Trace Attempt  1	[0.03 s]
0.0.AM: Trace Attempt  2	[0.03 s]
0.0.AM: Trace Attempt  3	[0.03 s]
0.0.N: Trace Attempt  2	[0.04 s]
0.0.AM: Validation of fixpoint was successful. Time = 0.00
0.0.AM: A proof was found: No trace exists. [0.04 s]
INFO (IPF057): 0.0.AM: The property "alu.u_assertions.AST_wb_preceded_by_ex" was proven in 0.03 s.
0.0.AM: Stopped processing property "alu.u_assertions.AST_wb_preceded_by_ex"	[0.03 s].
0.0.N: Stopped processing property "alu.u_assertions.AST_wb_preceded_by_ex"	[0.03 s].
0.0.N: Starting proof for property "alu.u_alu_props.AST_vgpr_write_means_done"	[0.00 s].
0.0.AM: Starting proof for property "alu.u_alu_props.AST_vgpr_write_means_done"	[0.00 s].
0.0.AM: Trace Attempt  1	[0.00 s]
0.0.N: Trace Attempt  1	[0.00 s]
0.0.AM: Trace Attempt  2	[0.00 s]
0.0.AM: Trace Attempt  3	[0.00 s]
0.0.AM: Trace Attempt  4	[0.00 s]
0.0.N: Trace Attempt  2	[0.00 s]
0.0.AM: Trace Attempt  5	[0.00 s]
0.0.N: Trace Attempt  2	[0.00 s]
0.0.AM: Trace Attempt  1	[0.00 s]
0.0.B: Trace Attempt  8	[0.03 s]
0.0.B: Stopped processing property "alu.u_assertions.AST_wb_preceded_by_ex"	[0.03 s].
0.0.B: Starting proof for property "alu.u_alu_props.AST_vgpr_write_means_done"	[0.00 s].
0.0.AM: Trace Attempt  2	[0.00 s]
0.0.AM: Trace Attempt  3	[0.00 s]
0.0.AM: Trace Attempt  4	[0.01 s]
0.0.AM: Trace Attempt  5	[0.01 s]
0.0.N: Trace Attempt  3	[0.01 s]
0.0.AM: Validation of fixpoint was successful. Time = 0.00
0.0.AM: A proof was found: No trace exists. [0.01 s]
INFO (IPF057): 0.0.AM: The property "alu.u_alu_props.AST_vgpr_write_means_done" was proven in 0.00 s.
0.0.N: Stopped processing property "alu.u_alu_props.AST_vgpr_write_means_done"	[0.00 s].
0.0.N: Starting proof for property "alu.u_alu_props._cover_8"	[0.00 s].
0.0.AM: Stopped processing property "alu.u_alu_props.AST_vgpr_write_means_done"	[0.00 s].
0.0.B: Trace Attempt  1	[0.00 s]
0.0.B: Stopped processing property "alu.u_alu_props.AST_vgpr_write_means_done"	[0.00 s].
0.0.B: Starting proof for property "alu.u_alu_props._cover_8"	[0.00 s].
0.0.AM: Starting proof for property "alu.u_alu_props._cover_8"	[0.00 s].
0.0.N: Trace Attempt  1	[0.00 s]
0.0.B: Trace Attempt  1	[0.00 s]
0.0.AM: Trace Attempt  1	[0.00 s]
0.0.AM: Trace Attempt  2	[0.00 s]
0.0.B: Trace Attempt  2	[0.00 s]
0.0.N: Trace Attempt  2	[0.00 s]
0.0.N: Trace Attempt  3	[0.00 s]
0.0.AM: Trace Attempt  3	[0.00 s]
0.0.B: Trace Attempt  3	[0.00 s]
0.0.AM: Trace Attempt  4	[0.00 s]
0.0.N: Trace Attempt  3	[0.01 s]
0.0.B: Trace Attempt  4	[0.01 s]
0.0.AM: Trace Attempt  5	[0.01 s]
0.0.N: Trace Attempt  4	[0.01 s]
0.0.B: Trace Attempt  5	[0.01 s]
0.0.N: Trace Attempt  4	[0.02 s]
0.0.Mpcustom4: Trace Attempt  3	[0.19 s]
0.0.N: Trace Attempt  5	[0.02 s]
0.0.Mpcustom4: Trace Attempt  4	[0.20 s]
0.0.Ht: Trace Attempt 13	[0.24 s]
0.0.Ht: A trace with 13 cycles was found. [0.26 s]
INFO (IPF047): 0.0.Ht: The cover property "alu.u_alu_props.COV_vop1_vgpr_write3" was covered in 13 cycles in 0.26 s.
0.0.Ht: Trace Attempt 14	[0.26 s]
0.0.AM: Trace Attempt  1	[0.03 s]
0.0.N: Trace Attempt  5	[0.03 s]
0.0.AM: Trace Attempt  2	[0.03 s]
0.0.AM: Trace Attempt  3	[0.03 s]
0.0.AM: Trace Attempt  5	[0.04 s]
0.0.Mpcustom4: Trace Attempt  5	[0.21 s]
0.0.AM: Validation of fixpoint was successful. Time = 0.00
0.0.AM: A proof was found: No trace exists. [0.05 s]
INFO (IPF051): 0.0.AM: The cover property "alu.u_alu_props._cover_8" was proven unreachable in 0.04 s.
0.0.AM: Stopped processing property "alu.u_alu_props._cover_8"	[0.04 s].
0.0.N: Trace Attempt  9	[0.05 s]
0.0.N: Stopped processing property "alu.u_alu_props._cover_8"	[0.04 s].
0.0.N: Starting proof for property "alu.u_alu_props._cover_10"	[0.00 s].
0.0.AM: Starting proof for property "alu.u_alu_props._cover_10"	[0.00 s].
0.0.B: Trace Attempt  9	[0.04 s]
0.0.B: Stopped processing property "alu.u_alu_props._cover_8"	[0.04 s].
0.0.B: Starting proof for property "alu.u_alu_props._cover_10"	[0.00 s].
0.0.AM: Trace Attempt  1	[0.00 s]
0.0.N: Trace Attempt  1	[0.00 s]
0.0.AM: Trace Attempt  2	[0.00 s]
0.0.N: Trace Attempt  2	[0.00 s]
0.0.N: Trace Attempt  3	[0.00 s]
0.0.AM: Trace Attempt  3	[0.00 s]
0.0.B: Trace Attempt  1	[0.00 s]
0.0.B: Trace Attempt  2	[0.00 s]
0.0.AM: Trace Attempt  4	[0.00 s]
0.0.AM: Trace Attempt  5	[0.00 s]
0.0.N: Trace Attempt  3	[0.00 s]
0.0.B: Trace Attempt  3	[0.00 s]
0.0.AM: Trace Attempt  1	[0.01 s]
0.0.N: Trace Attempt  4	[0.01 s]
0.0.N: Trace Attempt  5	[0.01 s]
0.0.B: Trace Attempt  4	[0.01 s]
0.0.AM: Trace Attempt  2	[0.01 s]
0.0.AM: Trace Attempt  3	[0.01 s]
0.0.AM: Validation of fixpoint was successful. Time = 0.00
0.0.AM: A proof was found: No trace exists. [0.01 s]
INFO (IPF051): 0.0.AM: The cover property "alu.u_alu_props._cover_10" was proven unreachable in 0.01 s.
0.0.AM: Stopped processing property "alu.u_alu_props._cover_10"	[0.01 s].
0.0.AM: Starting proof for property "alu.deadlock_assertions_alu_bind_i._cover_1"	[0.00 s].
0.0.N: Trace Attempt  5	[0.01 s]
0.0.B: Trace Attempt  5	[0.01 s]
0.0.N: Stopped processing property "alu.u_alu_props._cover_10"	[0.01 s].
0.0.N: Starting proof for property "alu.deadlock_assertions_alu_bind_i._cover_1"	[0.00 s].
0.0.AM: Trace Attempt  1	[0.00 s]
0.0.AM: Trace Attempt  2	[0.00 s]
0.0.N: Trace Attempt  1	[0.00 s]
0.0.AM: Trace Attempt  3	[0.00 s]
0.0.AM: Trace Attempt  4	[0.00 s]
0.0.N: Trace Attempt  2	[0.00 s]
0.0.N: Trace Attempt  3	[0.00 s]
0.0.AM: Trace Attempt  5	[0.00 s]
0.0.B: Stopped processing property "alu.u_alu_props._cover_10"	[0.02 s].
0.0.B: Starting proof for property "alu.deadlock_assertions_alu_bind_i._cover_1"	[0.00 s].
0.0.B: Trace Attempt  1	[0.00 s]
0.0.N: Trace Attempt  3	[0.01 s]
0.0.B: Trace Attempt  2	[0.00 s]
0.0.N: Trace Attempt  4	[0.01 s]
0.0.B: Trace Attempt  3	[0.00 s]
0.0.N: Trace Attempt  5	[0.01 s]
0.0.B: Trace Attempt  4	[0.01 s]
0.0.N: Trace Attempt  5	[0.01 s]
0.0.Mpcustom4: Trace Attempt  3	[0.25 s]
0.0.B: Trace Attempt  5	[0.01 s]
0.0.Mpcustom4: Trace Attempt  4	[0.26 s]
0.0.Mpcustom4: Trace Attempt  5	[0.27 s]
0.0.Mpcustom4: Trace Attempt  3	[0.29 s]
0.0.Mpcustom4: Trace Attempt  4	[0.31 s]
0.0.Mpcustom4: Trace Attempt  5	[0.32 s]
0.0.Mpcustom4: Trace Attempt  5	[0.37 s]
0.0.L: Trace Attempt 94	[0.39 s]
0.0.L: A trace with 107 cycles was found. [0.42 s]
INFO (IPF047): 0.0.L: The cover property "alu.deadlock_assertions_alu_bind_i._cover_1" was covered in 107 cycles in 0.38 s.
0.0.L: Using states from traces to { alu.deadlock_assertions_alu_bind_i._cover_1 (106) }
0.0.L: Trace Attempt  3	[0.43 s]
0.0.L: Trace Attempt  4	[0.43 s]
0.0.L: Trace Attempt  5	[0.43 s]
0.0.AM: Trace Attempt 47	[0.17 s]
0.0.AM: Stopped processing property "alu.deadlock_assertions_alu_bind_i._cover_1"	[0.18 s].
0.0.AM: Starting proof for property "alu.deadlock_assertions_alu_bind_i._assert_2"	[0.00 s].
0.0.B: Trace Attempt 32	[0.16 s]
0.0.B: Stopped processing property "alu.deadlock_assertions_alu_bind_i._cover_1"	[0.18 s].
0.0.B: Starting proof for property "alu.deadlock_assertions_alu_bind_i._assert_2"	[0.00 s].
0.0.AM: Trace Attempt  1	[0.00 s]
0.0.N: Trace Attempt 26	[0.18 s]
0.0.N: Stopped processing property "alu.deadlock_assertions_alu_bind_i._cover_1"	[0.18 s].
0.0.N: Starting proof for property "alu.deadlock_assertions_alu_bind_i._assert_2"	[0.00 s].
0.0.B: Trace Attempt  1	[0.00 s]
0.0.B: Trace Attempt  2	[0.00 s]
0.0.AM: Trace Attempt  2	[0.01 s]
0.0.N: Trace Attempt  1	[0.00 s]
0.0.N: Trace Attempt  2	[0.00 s]
0.0.N: Trace Attempt  3	[0.00 s]
0.0.B: Trace Attempt  3	[0.01 s]
0.0.AM: Trace Attempt  3	[0.01 s]
0.0.N: Trace Attempt  3	[0.01 s]
0.0.B: Trace Attempt  4	[0.01 s]
0.0.AM: Trace Attempt  4	[0.01 s]
0.0.N: Trace Attempt  4	[0.01 s]
0.0.B: A trace with 3+1 cycles was found (stem + loop). [0.02 s]
INFO (IPF069): 0.0.B: A counterexample (cex) with 3+1 cycles was found for the property "alu.deadlock_assertions_alu_bind_i._assert_2" in 0.01 s (stem + loop).
0.0.N: Trace Attempt  4	[0.01 s]
0.0.B: Stopped processing property "alu.deadlock_assertions_alu_bind_i._assert_2"	[0.02 s].
0.0.B: Starting proof for property "alu.deadlock_assertions_alu_bind_i._assert_3"	[0.00 s].
0.0.N: Stopped processing property "alu.deadlock_assertions_alu_bind_i._assert_2"	[0.02 s].
0.0.N: Starting proof for property "alu.deadlock_assertions_alu_bind_i._assert_3"	[0.00 s].
0.0.AM: Stopped processing property "alu.deadlock_assertions_alu_bind_i._assert_2"	[0.02 s].
0.0.AM: Starting proof for property "alu.deadlock_assertions_alu_bind_i._assert_3"	[0.00 s].
0.0.B: Trace Attempt  1	[0.00 s]
0.0.N: Trace Attempt  1	[0.00 s]
0.0.B: Trace Attempt  2	[0.00 s]
0.0.AM: Trace Attempt  1	[0.00 s]
0.0.N: Trace Attempt  2	[0.00 s]
0.0.N: Trace Attempt  3	[0.00 s]
0.0.B: Trace Attempt  3	[0.01 s]
0.0.N: Trace Attempt  3	[0.01 s]
0.0.AM: Trace Attempt  2	[0.01 s]
0.0.B: Trace Attempt  4	[0.01 s]
0.0.AM: Trace Attempt  3	[0.01 s]
0.0.N: Trace Attempt  4	[0.01 s]
0.0.N: Trace Attempt  4	[0.01 s]
0.0.AM: Trace Attempt  4	[0.01 s]
0.0.B: Trace Attempt  5	[0.01 s]
0.0.N: Trace Attempt  5	[0.03 s]
0.0.AM: Trace Attempt  5	[0.03 s]
0.0.N: Trace Attempt  5	[0.03 s]
0.0.Hp: A proof was found: No trace exists. [0.69 s]
INFO (IPF057): 0.0.Hp: The property "alu.deadlock_assertions_alu_bind_i._assert_5" was proven in 0.69 s.
0.0.Hp: Last scan. Per property time limit: 0s
0.0.Bm: Last scan. Per property time limit: 0s
0.0.Bm: Trace Attempt  1	[0.00 s]
0.0.Bm: Trace Attempt  2	[0.00 s]
0.0.Bm: Trace Attempt  3	[0.01 s]
0.0.Hp: Trace Attempt  1	[0.01 s]
0.0.Bm: Trace Attempt  4	[0.01 s]
0.0.Hp: Trace Attempt  2	[0.02 s]
0.0.Bm: Trace Attempt  5	[0.02 s]
0.0.Hp: Trace Attempt  3	[0.03 s]
0.0.Ht: Last scan. Per property time limit: 0s
0.0.Ht: Trace Attempt  1	[0.00 s]
0.0.Ht: Trace Attempt  2	[0.00 s]
0.0.Ht: Trace Attempt  3	[0.01 s]
0.0.Ht: Trace Attempt  4	[0.01 s]
0.0.Hp: Trace Attempt  4	[0.04 s]
0.0.Ht: Trace Attempt  5	[0.01 s]
0.0.AM: Trace Attempt  1	[0.14 s]
0.0.Hp: Trace Attempt  5	[0.05 s]
0.0.AM: Trace Attempt  2	[0.16 s]
0.0.AM: Trace Attempt  3	[0.16 s]
0.0.AM: Trace Attempt  4	[0.17 s]
0.0.AM: Trace Attempt  5	[0.20 s]
0.0.Mpcustom4: Trace Attempt 15	[0.53 s]
0.0.Mpcustom4: All properties either determined or skipped. [0.64 s]
0.0.Mpcustom4: Exited with Success (@ 0.80 s)
0.0.Mpcustom4: Completed, Restart ignored.
0: ProofGrid usable level: 1
0.0.N: Trace Attempt  1	[0.22 s]
0.0.N: Trace Attempt  2	[0.24 s]
0.0.N: Trace Attempt  3	[0.24 s]
0.0.N: Trace Attempt  4	[0.25 s]
0.0.N: Trace Attempt  5	[0.30 s]
0.0.N: Trace Attempt  6	[0.82 s]
0.0.N: Per property time limit expired (1.00 s) [1.00 s]
0.0.N: Stopped processing property "alu.deadlock_assertions_alu_bind_i._assert_3"	[1.00 s].
0.0.N: Last scan. Per property time limit: 0s
0.0.N: Starting proof for property "alu.deadlock_assertions_alu_bind_i._assert_3"	[0.00 s].
0.0.AM: Trace Attempt  6	[0.83 s]
0.0.AM: Per property time limit expired (1.00 s) [1.00 s]
0.0.AM: Stopped processing property "alu.deadlock_assertions_alu_bind_i._assert_3"	[1.00 s].
0.0.AM: Last scan. Per property time limit: 0s
0.0.AM: Starting proof for property "alu.deadlock_assertions_alu_bind_i._assert_3"	[0.00 s].
0.0.AM: Trace Attempt  1	[0.00 s]
0.0.N: Trace Attempt  5	[0.01 s]
0.0.AM: Trace Attempt  2	[0.01 s]
0.0.AM: Trace Attempt  3	[0.01 s]
0.0.B: Trace Attempt 53	[0.98 s]
0.0.B: Per property time limit expired (1.00 s) [1.01 s]
0.0.B: Stopped processing property "alu.deadlock_assertions_alu_bind_i._assert_3"	[1.01 s].
0.0.B: Last scan. Per property time limit: 0s
0.0.B: Starting proof for property "alu.deadlock_assertions_alu_bind_i._assert_3"	[0.00 s].
0.0.B: Trace Attempt  1	[0.00 s]
0.0.AM: Trace Attempt  4	[0.01 s]
0.0.B: Trace Attempt  2	[0.00 s]
0.0.B: Trace Attempt  3	[0.01 s]
0.0.B: Trace Attempt  4	[0.01 s]
0.0.AM: Trace Attempt  5	[0.03 s]
0.0.B: Trace Attempt  5	[0.02 s]
0.0.AM: Trace Attempt  1	[0.14 s]
0.0.AM: Trace Attempt  2	[0.16 s]
0.0.AM: Trace Attempt  3	[0.16 s]
0.0.AM: Trace Attempt  4	[0.17 s]
0.0.N: Trace Attempt  1	[0.18 s]
0.0.N: Trace Attempt  2	[0.19 s]
0.0.N: Trace Attempt  3	[0.20 s]
0.0.N: Trace Attempt  4	[0.20 s]
0.0.N: Trace Attempt  5	[0.23 s]
0.0.AM: Trace Attempt  5	[0.23 s]
0.0.L: Using states from traces to { alu.deadlock_assertions_alu_bind_i._cover_6 (14) }
0.0.L: Trace Attempt  3	[2.95 s]
0.0.L: Trace Attempt  4	[2.95 s]
0.0.L: Trace Attempt  5	[2.95 s]
0.0.Bm: Trace Attempt 161	[4.04 s]
0.0.Ht: Trace Attempt 50	[4.05 s]
0.0.Hp: Trace Attempt 31	[4.77 s]
0.0.L: Using states from traces to { alu.alu_controller.u_alu_controller_props.COV_read_exec_lo (11) }
0.0.L: Trace Attempt  3	[5.35 s]
0.0.L: Trace Attempt  4	[5.35 s]
0.0.L: Trace Attempt  5	[5.35 s]
0.0.B: Trace Attempt 158	[4.04 s]
0.0.AM: Validation of fixpoint was successful. Time = 0.01
0.0.N: Requesting engine job to stop
0.0.B: Requesting engine job to stop
0.0.AM: Requesting engine job to stop
0.0.Hp: Requesting engine job to terminate
0.0.Ht: Requesting engine job to terminate
0.0.Bm: Requesting engine job to terminate
0.0.L: Requesting engine job to terminate
INFO (IPF144): 0: Initiating shutdown of proof [5.90 s]
0.0.AM: Trace Attempt  8	[3.89 s]
0.0.AM: A proof was found: No trace exists. [4.30 s]
INFO (IPF057): 0.0.AM: The property "alu.deadlock_assertions_alu_bind_i._assert_3" was proven in 4.30 s.
0.0.AM: Stopped processing property "alu.deadlock_assertions_alu_bind_i._assert_3"	[4.30 s].
0.0.AM: Interrupted. [4.30 s]
0.0.N: Stopped processing property "alu.deadlock_assertions_alu_bind_i._assert_3"	[4.31 s].
0.0.Hp: Trace Attempt 34	[5.16 s]
0.0.Hp: Interrupted. [5.21 s]
0.0.N: Interrupted. [4.31 s]
0.0.N: Exited with Success (@ 5.90 s)
0: ProofGrid usable level: 0
0.0.AM: Exited with Success (@ 5.91 s)
0.0.L: Trace Attempt 150	[5.76 s]
0.0.L: Interrupted. [5.77 s]
0.0.L: Exited with Success (@ 5.91 s)
0.0.Ht: Trace Attempt 58	[4.60 s]
0.0.Ht: Interrupted. [5.22 s]
0.0.B: Trace Attempt 166	[4.29 s]
0.0.B: Stopped processing property "alu.deadlock_assertions_alu_bind_i._assert_3"	[4.34 s].
0.0.B: Interrupted. [4.34 s]
0.0.Bm: Trace Attempt 192	[5.20 s]
0.0.Bm: Interrupted. [5.25 s]
0.0.B: Exited with Success (@ 5.96 s)
0.0.Ht: Exited with Success (@ 5.96 s)
0.0.Bm: Exited with Success (@ 5.98 s)
0.0.Hp: Exited with Success (@ 5.98 s)
0: --------------------------------------------------------------
ProofGrid Summary (utilization 97.03 %)
--------------------------------------------------------------
     engines started                               :     9
     engine jobs started                           :     9

    Average time in state (seconds)
    ------------------------------------------------------
    Engine  Pending     Running        Dead    Utilization
    ------------------------------------------------------
      N        0.12        5.88        0.00       97.93 %
     Hp        0.11        5.90        0.00       98.15 %
     Ht        0.13        5.80        0.00       97.88 %
     Bm        0.12        5.80        0.00       97.89 %
    Mpcustom4        0.16        0.62        0.00       79.27 %
     Oh        0.16        0.07        0.00       31.48 %
      L        0.14        5.74        0.00       97.68 %
      B        0.16        5.72        0.00       97.30 %
     AM        0.16        5.72        0.00       97.33 %
    all        0.14        4.58        0.00       97.03 %

    Total time in state (seconds)
    -----------------------------------------
            Pending     Running        Dead  
    -----------------------------------------
               1.26       41.25        0.00

    Data read    : 1.52 MiB
    Data written : 114.65 kiB

0: All pending notifications were processed.
INFO (IPF059): Completed proof on task: "<embedded>" for proof thread 0

==============================================================
SUMMARY
==============================================================
           Properties Considered              : 174
                 assertions                   : 59
                  - proven                    : 53 (89.8305%)
                  - bounded_proven (user)     : 0 (0%)
                  - bounded_proven (auto)     : 0 (0%)
                  - marked_proven             : 0 (0%)
                  - cex                       : 6 (10.1695%)
                  - ar_cex                    : 0 (0%)
                  - undetermined              : 0 (0%)
                  - unknown                   : 0 (0%)
                  - error                     : 0 (0%)
                 covers                       : 115
                  - unreachable               : 5 (4.34783%)
                  - bounded_unreachable (user): 0 (0%)
                  - covered                   : 110 (95.6522%)
                  - ar_covered                : 0 (0%)
                  - undetermined              : 0 (0%)
                  - unknown                   : 0 (0%)
                  - error                     : 0 (0%)
determined
INFO (IIM002): *** Stopping all proof jobs ***
INFO (IPL005): Received request to exit from the console.
INFO (IPL014): Waiting for the Tcl-thread to exit.
INFO: Waiting for proof threads to stop...
INFO: Proof threads stopped.
INFO (IPL018): The peak resident set memory use for this session was 0.899 GB.
INFO (IPL015): The Tcl-thread exited with status 0.
INFO (IPL016): Exiting the analysis session with status 0.
